nohup: ignoring input
              precision    recall  f1-score   support

    imp surf       0.92      0.95      0.94   1498719
         car       0.95      0.82      0.88     72697
    building       0.99      0.92      0.95   1438763
     low veg       0.76      0.85      0.80   1457797
        tree       0.87      0.81      0.84   1517510

   micro avg       0.88      0.88      0.88   5985486
   macro avg       0.90      0.87      0.88   5985486
weighted avg       0.89      0.88      0.88   5985486

2
0.8813254262059923 

              precision    recall  f1-score   support

    imp surf       0.80      0.96      0.88   1298251
         car       0.90      0.70      0.79     50193
    building       0.99      0.89      0.93   2679350
     low veg       0.58      0.57      0.58    182360
        tree       0.78      0.89      0.83    213797

   micro avg       0.89      0.89      0.89   4423951
   macro avg       0.81      0.80      0.80   4423951
weighted avg       0.91      0.89      0.90   4423951

4
0.8933118834272803 

              precision    recall  f1-score   support

    imp surf       0.88      0.90      0.89   1093763
         car       0.89      0.73      0.80     53971
    building       0.95      0.87      0.91   1506293
     low veg       0.58      0.75      0.65    426675
        tree       0.93      0.93      0.93   1302479

   micro avg       0.88      0.88      0.88   4383181
   macro avg       0.85      0.84      0.84   4383181
weighted avg       0.89      0.88      0.89   4383181

6
0.8818031927041114 

              precision    recall  f1-score   support

    imp surf       0.90      0.92      0.91   1371476
         car       0.96      0.77      0.85     55953
    building       0.96      0.89      0.92   1049855
     low veg       0.74      0.92      0.82    851622
        tree       0.96      0.84      0.90   1053827

   micro avg       0.89      0.89      0.89   4382733
   macro avg       0.91      0.87      0.88   4382733
weighted avg       0.90      0.89      0.89   4382733

8
0.8896170494529326 

              precision    recall  f1-score   support

    imp surf       0.94      0.88      0.91   1670514
         car       0.78      0.86      0.82     22890
    building       0.91      0.92      0.92   1048838
     low veg       0.74      0.82      0.78    734200
        tree       0.89      0.90      0.90    868702

   micro avg       0.89      0.89      0.89   4345144
   macro avg       0.85      0.88      0.86   4345144
weighted avg       0.89      0.89      0.89   4345144

10
0.885119342419952 

              precision    recall  f1-score   support

    imp surf       0.74      0.89      0.81    644252
         car       0.98      0.94      0.96     16710
    building       0.91      0.85      0.88    877106
     low veg       0.86      0.74      0.80   1278111
        tree       0.86      0.92      0.89   1676652

   micro avg       0.85      0.85      0.85   4492831
   macro avg       0.87      0.87      0.87   4492831
weighted avg       0.85      0.85      0.85   4492831

12
0.8492193452190835 

              precision    recall  f1-score   support

    imp surf       0.88      0.82      0.85   1058310
         car       0.68      0.93      0.79      8968
    building       0.90      0.94      0.92    790477
     low veg       0.66      0.81      0.73   1128592
        tree       0.89      0.78      0.83   1534674

   micro avg       0.82      0.82      0.82   4521021
   macro avg       0.80      0.85      0.82   4521021
weighted avg       0.83      0.82      0.82   4521021

14
0.8221890586219351 

              precision    recall  f1-score   support

    imp surf       0.87      0.87      0.87    689663
         car       0.80      0.91      0.85      7258
    building       0.94      0.93      0.94    818792
     low veg       0.84      0.76      0.80   1357529
        tree       0.84      0.90      0.87   1680716

   micro avg       0.86      0.86      0.86   4553958
   macro avg       0.86      0.88      0.87   4553958
weighted avg       0.86      0.86      0.86   4553958

16
0.8616579248205627 

              precision    recall  f1-score   support

    imp surf       0.95      0.81      0.87    799362
         car       0.85      0.84      0.85     11796
    building       0.94      0.90      0.92    663838
     low veg       0.70      0.81      0.75    734587
        tree       0.92      0.94      0.93   1660537

   micro avg       0.88      0.88      0.88   3870120
   macro avg       0.87      0.86      0.86   3870120
weighted avg       0.89      0.88      0.88   3870120

20
0.8791944435831447 

              precision    recall  f1-score   support

    imp surf       0.92      0.91      0.92   1414467
         car       0.85      0.75      0.80     35373
    building       0.93      0.93      0.93    791989
     low veg       0.80      0.81      0.81    851926
        tree       0.91      0.92      0.91   1252092

   micro avg       0.90      0.90      0.90   4345847
   macro avg       0.88      0.86      0.87   4345847
weighted avg       0.90      0.90      0.90   4345847

22
0.8964574684750751 

              precision    recall  f1-score   support

    imp surf       0.84      0.76      0.80    641585
         car       0.84      0.89      0.86     12124
    building       0.90      0.90      0.90    856780
     low veg       0.86      0.88      0.87   1872573
        tree       0.84      0.85      0.84   1118305

   micro avg       0.86      0.86      0.86   4501367
   macro avg       0.85      0.86      0.85   4501367
weighted avg       0.86      0.86      0.86   4501367

24
0.857616364095618 

              precision    recall  f1-score   support

    imp surf       0.85      0.96      0.90   1823189
         car       0.93      0.82      0.87    140573
    building       0.98      0.85      0.91   2089726
     low veg       0.82      0.78      0.80   1085078
        tree       0.76      0.88      0.82    560050

   micro avg       0.88      0.88      0.88   5698616
   macro avg       0.87      0.86      0.86   5698616
weighted avg       0.88      0.88      0.88   5698616

27
0.8767097133760198 

              precision    recall  f1-score   support

    imp surf       0.95      0.97      0.96   1955649
         car       0.87      0.84      0.85     46264
    building       0.98      0.95      0.97   1274014
     low veg       0.87      0.67      0.75    620772
        tree       0.71      0.96      0.82    482471

   micro avg       0.92      0.92      0.92   4379170
   macro avg       0.88      0.87      0.87   4379170
weighted avg       0.92      0.92      0.92   4379170

29
0.9158614531977521 

              precision    recall  f1-score   support

    imp surf       0.83      0.98      0.90   1811328
         car       0.95      0.72      0.82    133564
    building       0.96      0.77      0.85   1348800
     low veg       0.92      0.89      0.90    695698
        tree       0.93      0.91      0.92    508706

   micro avg       0.89      0.89      0.89   4498096
   macro avg       0.92      0.85      0.88   4498096
weighted avg       0.90      0.89      0.89   4498096

31
0.8869719543557986 

              precision    recall  f1-score   support

    imp surf       0.89      0.97      0.93   1435619
         car       0.76      0.73      0.74     37022
    building       0.95      0.78      0.85   1123011
     low veg       0.58      0.43      0.49    564795
        tree       0.51      0.80      0.62    382272

   micro avg       0.80      0.80      0.80   3542719
   macro avg       0.74      0.74      0.73   3542719
weighted avg       0.82      0.80      0.80   3542719

33
0.802906468167529 

              precision    recall  f1-score   support

    imp surf       0.88      0.88      0.88   1132396
         car       0.93      0.74      0.83     26868
    building       0.95      0.88      0.92   1296152
     low veg       0.70      0.83      0.76   1125392
        tree       0.82      0.74      0.78   1049703

   micro avg       0.84      0.84      0.84   4630511
   macro avg       0.86      0.81      0.83   4630511
weighted avg       0.84      0.84      0.84   4630511

35
0.8357075493395869 

              precision    recall  f1-score   support

    imp surf       0.89      0.96      0.92   2333125
         car       0.90      0.81      0.85     63209
    building       0.97      0.88      0.92   2295624
     low veg       0.83      0.85      0.84   2403078
        tree       0.83      0.84      0.84   1649605

   micro avg       0.88      0.88      0.88   8744641
   macro avg       0.89      0.87      0.88   8744641
weighted avg       0.89      0.88      0.88   8744641

38
0.8835333548855808 

PRECISION
i_s 0.878528049818601
car 0.870094822834685
building 0.9485627593152534
low veg 0.7555281754414386
tree 0.8396943390685729
macro 0.8584816292957103
RECALL
i_s 0.9048509681008585
car 0.8120921096496891
building 0.8844062878165728
low veg 0.7751446870588745
tree 0.8700310743017805
macro 0.8493050253855552
F1 - SCORE
i_s 0.8895164664873848
car 0.8354570348211109
building 0.9143187375152589
low veg 0.7609910988270356
tree 0.8506356313931521
macro 0.8501837938087885
 Accuracy all 0.8705412936675267
