nohup: ignoring input
              precision    recall  f1-score   support

    imp surf       0.93      0.89      0.91   8143285
         car       0.99      0.84      0.91    314352
    building       0.95      0.92      0.93   6366416
     low veg       0.80      0.94      0.87  10059413
        tree       0.91      0.78      0.84   7754896

   micro avg       0.88      0.88      0.88  32638362
   macro avg       0.92      0.87      0.89  32638362
weighted avg       0.89      0.88      0.88  32638362

2_13
0.8839857833551819 

              precision    recall  f1-score   support

    imp surf       0.93      0.90      0.91   5024844
         car       0.97      0.91      0.94    160574
    building       0.96      0.97      0.97   2354364
     low veg       0.82      0.96      0.89  14022466
        tree       0.96      0.78      0.86  12191703

   micro avg       0.89      0.89      0.89  33753951
   macro avg       0.93      0.91      0.91  33753951
weighted avg       0.90      0.89      0.89  33753951

2_14
0.8885321602795477 

              precision    recall  f1-score   support

    imp surf       0.91      0.90      0.91   8212557
         car       0.98      0.91      0.94    455481
    building       0.96      0.98      0.97   8524463
     low veg       0.80      0.90      0.85   7402728
        tree       0.94      0.83      0.88   7764527

   micro avg       0.90      0.90      0.90  32359756
   macro avg       0.92      0.90      0.91  32359756
weighted avg       0.91      0.90      0.90  32359756

3_13
0.9046155663225643 

              precision    recall  f1-score   support

    imp surf       0.91      0.89      0.90   6840973
         car       0.96      0.87      0.91    315898
    building       0.96      0.97      0.97   7617062
     low veg       0.76      0.94      0.84   8847185
        tree       0.95      0.74      0.83   8723362

   micro avg       0.88      0.88      0.88  32344480
   macro avg       0.91      0.88      0.89  32344480
weighted avg       0.89      0.88      0.88  32344480

3_14
0.8810698765291636 

              precision    recall  f1-score   support

    imp surf       0.93      0.94      0.93  10070823
         car       0.99      0.93      0.96    590723
    building       0.98      0.97      0.97  11590321
     low veg       0.85      0.86      0.85   4593511
        tree       0.88      0.88      0.88   4210889

   micro avg       0.93      0.93      0.93  31056267
   macro avg       0.93      0.91      0.92  31056267
weighted avg       0.93      0.93      0.93  31056267

4_13
0.9297752366696229 

              precision    recall  f1-score   support

    imp surf       0.88      0.90      0.89   8400520
         car       0.99      0.90      0.94    627111
    building       0.96      0.97      0.96   7051104
     low veg       0.73      0.88      0.80   7471237
        tree       0.94      0.68      0.79   6324812

   micro avg       0.86      0.86      0.86  29874784
   macro avg       0.90      0.86      0.87  29874784
weighted avg       0.87      0.86      0.86  29874784

4_14
0.8628796780589275 

              precision    recall  f1-score   support

    imp surf       0.90      0.91      0.91  11408861
         car       0.97      0.92      0.95    636049
    building       0.94      0.93      0.94  10843435
     low veg       0.74      0.88      0.81   5208323
        tree       0.94      0.72      0.81   4233047

   micro avg       0.89      0.89      0.89  32329715
   macro avg       0.90      0.87      0.88  32329715
weighted avg       0.90      0.89      0.89  32329715

4_15
0.8901258176881547 

              precision    recall  f1-score   support

    imp surf       0.94      0.91      0.93  11274069
         car       0.99      0.92      0.95    725252
    building       0.97      0.97      0.97  10043222
     low veg       0.81      0.90      0.85   6479071
        tree       0.86      0.80      0.83   4113814

   micro avg       0.91      0.91      0.91  32635428
   macro avg       0.92      0.90      0.91  32635428
weighted avg       0.92      0.91      0.91  32635428

5_13
0.9137478448267937 

              precision    recall  f1-score   support

    imp surf       0.91      0.94      0.93   8918286
         car       0.98      0.89      0.93    537865
    building       0.96      0.97      0.97   8814090
     low veg       0.83      0.88      0.85   6830736
        tree       0.90      0.79      0.84   5966359

   micro avg       0.91      0.91      0.91  31067336
   macro avg       0.92      0.89      0.90  31067336
weighted avg       0.91      0.91      0.91  31067336

5_14
0.9065109734545633 

              precision    recall  f1-score   support

    imp surf       0.94      0.90      0.92  13403506
         car       0.99      0.91      0.95    710962
    building       0.95      0.91      0.93   8555693
     low veg       0.72      0.89      0.80   4582308
        tree       0.85      0.84      0.84   3873043

   micro avg       0.89      0.89      0.89  31125512
   macro avg       0.89      0.89      0.89  31125512
weighted avg       0.90      0.89      0.90  31125512

5_15
0.8942735464078471 

              precision    recall  f1-score   support

    imp surf       0.94      0.85      0.89  12744609
         car       0.99      0.87      0.92    338888
    building       0.86      0.93      0.90   8384896
     low veg       0.86      0.97      0.91   7962304
        tree       0.90      0.80      0.85   3907748

   micro avg       0.89      0.89      0.89  33338445
   macro avg       0.91      0.88      0.89  33338445
weighted avg       0.90      0.89      0.89  33338445

6_13
0.8923821731937407 

              precision    recall  f1-score   support

    imp surf       0.95      0.93      0.94  13261083
         car       0.98      0.95      0.97    839064
    building       0.97      0.95      0.96  10580203
     low veg       0.82      0.93      0.87   5010222
        tree       0.88      0.84      0.86   3175522

   micro avg       0.93      0.93      0.93  32866094
   macro avg       0.92      0.92      0.92  32866094
weighted avg       0.93      0.93      0.93  32866094

6_14
0.9293975426468384 

              precision    recall  f1-score   support

    imp surf       0.96      0.91      0.93  12624158
         car       0.98      0.96      0.97    825672
    building       0.95      0.93      0.94   8063903
     low veg       0.64      0.95      0.77   4664719
        tree       0.96      0.68      0.79   5184168

   micro avg       0.88      0.88      0.88  31362620
   macro avg       0.90      0.89      0.88  31362620
weighted avg       0.91      0.88      0.89  31362620

6_15
0.8848956496619224 

              precision    recall  f1-score   support

    imp surf       0.97      0.91      0.94  17153465
         car       0.99      0.90      0.95    367693
    building       0.95      0.88      0.92   7856299
     low veg       0.61      0.85      0.71   3299209
        tree       0.72      0.84      0.77   2513071

   micro avg       0.89      0.89      0.89  31189737
   macro avg       0.85      0.88      0.86  31189737
weighted avg       0.91      0.89      0.90  31189737

7_13
0.8907011944345667 

PRECISION
i_s 0.9288093864560061
car 0.9825544809596988
building 0.9528527173741057
low veg 0.7712601467741987
tree 0.8990652593207434
macro 0.9069083981769506
RECALL
i_s 0.9058650908338678
car 0.9056170004202969
building 0.9473231189376571
low veg 0.9096631539936026
tree 0.7851881707705765
macro 0.8907313069912002
F1 - SCORE
i_s 0.9169020523678361
car 0.9422398130895637
building 0.9498047671939682
low veg 0.8329451160595698
tree 0.8348455224060211
macro 0.8953474542233918
 Accuracy all 0.8966352173949597
