nohup: ignoring input
2_13
              precision    recall  f1-score   support

    imp surf       0.92      0.89      0.91   8143285
         car       0.99      0.84      0.91    314352
    building       0.94      0.92      0.93   6366416
  background       0.39      0.58      0.47    473669
     low veg       0.82      0.93      0.87  10059413
        tree       0.91      0.78      0.84   7754896

   micro avg       0.88      0.88      0.88  33112031
   macro avg       0.83      0.82      0.82  33112031
weighted avg       0.88      0.88      0.88  33112031

0.8761389780047016 

2_14
              precision    recall  f1-score   support

    imp surf       0.93      0.90      0.91   5024844
         car       0.97      0.91      0.94    160574
    building       0.95      0.97      0.96   2354364
  background       0.16      0.33      0.21     86364
     low veg       0.83      0.96      0.89  14022466
        tree       0.95      0.78      0.86  12191703

   micro avg       0.88      0.88      0.88  33840315
   macro avg       0.80      0.81      0.80  33840315
weighted avg       0.89      0.88      0.88  33840315

0.884459054237527 

3_13
              precision    recall  f1-score   support

    imp surf       0.90      0.90      0.90   8212557
         car       0.98      0.91      0.94    455481
    building       0.95      0.98      0.96   8524463
  background       0.42      0.32      0.36    606188
     low veg       0.81      0.89      0.85   7402728
        tree       0.94      0.83      0.88   7764527

   micro avg       0.89      0.89      0.89  32965944
   macro avg       0.83      0.80      0.82  32965944
weighted avg       0.89      0.89      0.89  32965944

0.8922889634223731 

3_14
              precision    recall  f1-score   support

    imp surf       0.88      0.89      0.89   6840973
         car       0.95      0.87      0.91    315898
    building       0.94      0.97      0.96   7617062
  background       0.60      0.34      0.44    845108
     low veg       0.76      0.93      0.84   8847185
        tree       0.94      0.74      0.83   8723362

   micro avg       0.87      0.87      0.87  33189588
   macro avg       0.85      0.79      0.81  33189588
weighted avg       0.87      0.87      0.86  33189588

0.8658471144625236 

4_13
              precision    recall  f1-score   support

    imp surf       0.84      0.94      0.89  10070823
         car       0.98      0.93      0.95    590723
    building       0.96      0.97      0.96  11590321
  background       0.74      0.13      0.22   2016369
     low veg       0.80      0.86      0.83   4593511
        tree       0.86      0.88      0.87   4210889

   micro avg       0.88      0.88      0.88  33072636
   macro avg       0.86      0.78      0.79  33072636
weighted avg       0.88      0.88      0.86  33072636

0.8807581288652044 

4_14
              precision    recall  f1-score   support

    imp surf       0.75      0.90      0.82   8400520
         car       0.98      0.90      0.94    627111
    building       0.94      0.97      0.95   7051104
  background       0.68      0.38      0.49   3353621
     low veg       0.72      0.86      0.78   7471237
        tree       0.94      0.68      0.79   6324812

   micro avg       0.81      0.81      0.81  33228405
   macro avg       0.84      0.78      0.79  33228405
weighted avg       0.82      0.81      0.80  33228405

0.8088267853964101 

4_15
              precision    recall  f1-score   support

    imp surf       0.89      0.91      0.90  11408861
         car       0.97      0.92      0.95    636049
    building       0.92      0.93      0.93  10843435
  background       0.47      0.30      0.36    796094
     low veg       0.75      0.88      0.81   5208323
        tree       0.93      0.72      0.81   4233047

   micro avg       0.87      0.87      0.87  33125809
   macro avg       0.82      0.78      0.79  33125809
weighted avg       0.88      0.87      0.87  33125809

0.8746820643686015 

5_13
              precision    recall  f1-score   support

    imp surf       0.92      0.91      0.92  11274069
         car       0.98      0.92      0.95    725252
    building       0.95      0.97      0.96  10043222
  background       0.62      0.28      0.39    849116
     low veg       0.81      0.90      0.85   6479071
        tree       0.86      0.80      0.83   4113814

   micro avg       0.90      0.90      0.90  33484544
   macro avg       0.86      0.80      0.82  33484544
weighted avg       0.90      0.90      0.89  33484544

0.8973478330778523 

5_14
              precision    recall  f1-score   support

    imp surf       0.88      0.94      0.91   8918286
         car       0.97      0.89      0.93    537865
    building       0.92      0.97      0.95   8814090
  background       0.77      0.44      0.56   2264710
     low veg       0.80      0.87      0.83   6830736
        tree       0.89      0.79      0.84   5966359

   micro avg       0.87      0.87      0.87  33332046
   macro avg       0.87      0.82      0.84  33332046
weighted avg       0.87      0.87      0.87  33332046

0.8723655907591151 

5_15
              precision    recall  f1-score   support

    imp surf       0.89      0.90      0.89  13403506
         car       0.98      0.91      0.95    710962
    building       0.93      0.91      0.92   8555693
  background       0.65      0.41      0.50   2177487
     low veg       0.74      0.88      0.80   4582308
        tree       0.85      0.84      0.84   3873043

   micro avg       0.86      0.86      0.86  33302999
   macro avg       0.84      0.81      0.82  33302999
weighted avg       0.86      0.86      0.86  33302999

0.860620390373852 

6_13
              precision    recall  f1-score   support

    imp surf       0.93      0.85      0.89  12744609
         car       0.98      0.87      0.92    338888
    building       0.86      0.93      0.89   8384896
  background       0.44      0.19      0.27    616456
     low veg       0.85      0.97      0.90   7962304
        tree       0.88      0.80      0.84   3907748

   micro avg       0.88      0.88      0.88  33954901
   macro avg       0.82      0.77      0.79  33954901
weighted avg       0.88      0.88      0.88  33954901

0.8796165831848545 

6_14
              precision    recall  f1-score   support

    imp surf       0.95      0.93      0.94  13261083
         car       0.98      0.95      0.96    839064
    building       0.95      0.95      0.95  10580203
  background       0.57      0.25      0.34    700587
     low veg       0.81      0.93      0.87   5010222
        tree       0.88      0.84      0.86   3175522

   micro avg       0.91      0.91      0.91  33566681
   macro avg       0.85      0.81      0.82  33566681
weighted avg       0.91      0.91      0.91  33566681

0.9149125884683088 

6_15
              precision    recall  f1-score   support

    imp surf       0.94      0.91      0.92  12624158
         car       0.97      0.96      0.97    825672
    building       0.93      0.93      0.93   8063903
  background       0.71      0.55      0.62   1980910
     low veg       0.62      0.92      0.74   4664719
        tree       0.96      0.68      0.79   5184168

   micro avg       0.86      0.86      0.86  33343530
   macro avg       0.85      0.82      0.83  33343530
weighted avg       0.88      0.86      0.86  33343530

0.8606389005603186 

7_13
              precision    recall  f1-score   support

    imp surf       0.94      0.91      0.93  17153465
         car       0.97      0.90      0.94    367693
    building       0.94      0.88      0.91   7856299
  background       0.54      0.28      0.37   3153689
     low veg       0.51      0.84      0.64   3299209
        tree       0.72      0.84      0.77   2513071

   micro avg       0.83      0.83      0.83  34343426
   macro avg       0.77      0.78      0.76  34343426
weighted avg       0.85      0.83      0.83  34343426

0.8342656903245471 

 Accuracy all 0.871626333250442
