nohup: ignoring input
2
              precision    recall  f1-score   support

    imp surf       0.86      0.95      0.90   1498719
         car       0.95      0.82      0.88     72697
    building       0.99      0.92      0.95   1438763
  background       0.00      0.00      0.00    119917
     low veg       0.76      0.85      0.80   1457797
        tree       0.87      0.81      0.84   1517510

   micro avg       0.86      0.86      0.86   6105403
   macro avg       0.74      0.73      0.73   6105403
weighted avg       0.85      0.86      0.86   6105403

0.8640152009621642 

4
              precision    recall  f1-score   support

    imp surf       0.80      0.96      0.88   1298251
         car       0.90      0.70      0.79     50193
    building       0.99      0.89      0.93   2679350
  background       0.00      0.00      0.00         0
     low veg       0.58      0.57      0.58    182360
        tree       0.78      0.89      0.83    213797

   micro avg       0.89      0.89      0.89   4423951
   macro avg       0.67      0.67      0.67   4423951
weighted avg       0.91      0.89      0.90   4423951

0.8933118834272803 

6
              precision    recall  f1-score   support

    imp surf       0.88      0.90      0.89   1093763
         car       0.89      0.73      0.80     53971
    building       0.95      0.87      0.91   1506293
  background       0.00      0.00      0.00         0
     low veg       0.58      0.75      0.65    426675
        tree       0.93      0.93      0.93   1302479

   micro avg       0.88      0.88      0.88   4383181
   macro avg       0.71      0.70      0.70   4383181
weighted avg       0.89      0.88      0.89   4383181

0.8818031927041114 

8
              precision    recall  f1-score   support

    imp surf       0.90      0.92      0.91   1371476
         car       0.96      0.77      0.85     55953
    building       0.96      0.89      0.92   1049855
  background       0.00      0.00      0.00         0
     low veg       0.74      0.92      0.82    851622
        tree       0.96      0.84      0.90   1053827

   micro avg       0.89      0.89      0.89   4382733
   macro avg       0.75      0.72      0.73   4382733
weighted avg       0.90      0.89      0.89   4382733

0.8896170494529326 

10
              precision    recall  f1-score   support

    imp surf       0.94      0.88      0.91   1670514
         car       0.78      0.86      0.82     22890
    building       0.91      0.92      0.92   1048838
  background       0.00      0.00      0.00         0
     low veg       0.74      0.82      0.78    734200
        tree       0.89      0.90      0.90    868702

   micro avg       0.89      0.89      0.89   4345144
   macro avg       0.71      0.73      0.72   4345144
weighted avg       0.89      0.89      0.89   4345144

0.885119342419952 

12
              precision    recall  f1-score   support

    imp surf       0.74      0.89      0.81    644252
         car       0.98      0.94      0.96     16710
    building       0.91      0.85      0.88    877106
  background       0.00      0.00      0.00         0
     low veg       0.86      0.74      0.80   1278111
        tree       0.86      0.92      0.89   1676652

   micro avg       0.85      0.85      0.85   4492831
   macro avg       0.73      0.72      0.72   4492831
weighted avg       0.85      0.85      0.85   4492831

0.8492193452190835 

14
              precision    recall  f1-score   support

    imp surf       0.88      0.82      0.85   1058310
         car       0.68      0.93      0.79      8968
    building       0.90      0.94      0.92    790477
  background       0.00      0.00      0.00         0
     low veg       0.66      0.81      0.73   1128592
        tree       0.89      0.78      0.83   1534674

   micro avg       0.82      0.82      0.82   4521021
   macro avg       0.67      0.71      0.69   4521021
weighted avg       0.83      0.82      0.82   4521021

0.8221890586219351 

16
              precision    recall  f1-score   support

    imp surf       0.87      0.87      0.87    689663
         car       0.80      0.91      0.85      7258
    building       0.94      0.93      0.94    818792
  background       0.00      0.00      0.00         0
     low veg       0.84      0.76      0.80   1357529
        tree       0.84      0.90      0.87   1680716

   micro avg       0.86      0.86      0.86   4553958
   macro avg       0.71      0.73      0.72   4553958
weighted avg       0.86      0.86      0.86   4553958

0.8616579248205627 

20
              precision    recall  f1-score   support

    imp surf       0.94      0.81      0.87    799362
         car       0.85      0.84      0.85     11796
    building       0.80      0.90      0.85    663838
  background       0.00      0.00      0.00    112638
     low veg       0.69      0.81      0.75    734587
        tree       0.92      0.94      0.93   1660537

   micro avg       0.85      0.85      0.85   3982758
   macro avg       0.70      0.72      0.71   3982758
weighted avg       0.84      0.85      0.84   3982758

0.8543295876877279 

22
              precision    recall  f1-score   support

    imp surf       0.92      0.91      0.92   1414467
         car       0.85      0.75      0.80     35373
    building       0.93      0.93      0.93    791989
  background       0.00      0.00      0.00         0
     low veg       0.80      0.81      0.81    851926
        tree       0.91      0.92      0.91   1252092

   micro avg       0.90      0.90      0.90   4345847
   macro avg       0.74      0.72      0.73   4345847
weighted avg       0.90      0.90      0.90   4345847

0.8964574684750751 

24
              precision    recall  f1-score   support

    imp surf       0.84      0.76      0.80    641585
         car       0.84      0.89      0.86     12124
    building       0.90      0.90      0.90    856780
  background       0.00      0.00      0.00         0
     low veg       0.86      0.88      0.87   1872573
        tree       0.84      0.85      0.84   1118305

   micro avg       0.86      0.86      0.86   4501367
   macro avg       0.71      0.71      0.71   4501367
weighted avg       0.86      0.86      0.86   4501367

0.857616364095618 

27
              precision    recall  f1-score   support

    imp surf       0.84      0.96      0.90   1823189
         car       0.92      0.82      0.87    140573
    building       0.98      0.85      0.91   2089726
  background       0.00      0.00      0.00     11238
     low veg       0.82      0.78      0.80   1085078
        tree       0.76      0.88      0.82    560050

   micro avg       0.87      0.87      0.87   5709854
   macro avg       0.72      0.72      0.72   5709854
weighted avg       0.88      0.87      0.87   5709854

0.8749841939916502 

29
              precision    recall  f1-score   support

    imp surf       0.91      0.97      0.94   1955649
         car       0.80      0.84      0.82     46264
    building       0.96      0.95      0.95   1274014
  background       0.00      0.00      0.00    122069
     low veg       0.87      0.67      0.75    620772
        tree       0.71      0.96      0.82    482471

   micro avg       0.89      0.89      0.89   4501239
   macro avg       0.71      0.73      0.71   4501239
weighted avg       0.87      0.89      0.88   4501239

0.8910242268850865 

31
              precision    recall  f1-score   support

    imp surf       0.79      0.98      0.88   1811328
         car       0.89      0.72      0.79    133564
    building       0.93      0.77      0.84   1348800
  background       0.00      0.00      0.00    140333
     low veg       0.92      0.89      0.90    695698
        tree       0.93      0.91      0.92    508706

   micro avg       0.86      0.86      0.86   4638429
   macro avg       0.74      0.71      0.72   4638429
weighted avg       0.84      0.86      0.85   4638429

0.860137128325129 

33
              precision    recall  f1-score   support

    imp surf       0.81      0.97      0.88   1435619
         car       0.64      0.73      0.68     37022
    building       0.92      0.78      0.84   1123011
  background       0.00      0.00      0.00    186356
     low veg       0.58      0.43      0.49    564795
        tree       0.51      0.80      0.62    382272

   micro avg       0.76      0.76      0.76   3729075
   macro avg       0.58      0.62      0.59   3729075
weighted avg       0.74      0.76      0.74   3729075
/usr/local/lib/python3.6/dist-packages/sklearn/metrics/classification.py:1143: UndefinedMetricWarning: Precision and F-score are ill-defined and being set to 0.0 in labels with no predicted samples.
  'precision', 'predicted', average, warn_for)
/usr/local/lib/python3.6/dist-packages/sklearn/metrics/classification.py:1145: UndefinedMetricWarning: Recall and F-score are ill-defined and being set to 0.0 in labels with no true samples.
  'recall', 'true', average, warn_for)

0.7627821912940876 

35
              precision    recall  f1-score   support

    imp surf       0.88      0.88      0.88   1132396
         car       0.93      0.74      0.83     26868
    building       0.95      0.88      0.92   1296152
  background       0.00      0.00      0.00         0
     low veg       0.70      0.83      0.76   1125392
        tree       0.82      0.74      0.78   1049703

   micro avg       0.84      0.84      0.84   4630511
   macro avg       0.71      0.68      0.69   4630511
weighted avg       0.84      0.84      0.84   4630511

0.8357075493395869 

38
              precision    recall  f1-score   support

    imp surf       0.89      0.96      0.92   2333125
         car       0.90      0.81      0.85     63209
    building       0.97      0.88      0.92   2295624
  background       0.00      0.00      0.00         0
     low veg       0.83      0.85      0.84   2403078
        tree       0.83      0.84      0.84   1649605

   micro avg       0.88      0.88      0.88   8744641
   macro avg       0.74      0.72      0.73   8744641
weighted avg       0.89      0.88      0.88   8744641

0.8835333548855808 

 Accuracy all 0.8625591213298566
