nohup: ignoring input
Unable to init server: Could not connect: Connection refused
Unable to init server: Could not connect: Connection refused

(predict.py:11777): Gdk-CRITICAL **: 17:37:43.165: gdk_cursor_new_for_display: assertion 'GDK_IS_DISPLAY (display)' failed

(predict.py:11777): Gdk-CRITICAL **: 17:37:43.166: gdk_cursor_new_for_display: assertion 'GDK_IS_DISPLAY (display)' failed
2019-04-30 17:37:44.041480: I tensorflow/core/platform/cpu_feature_guard.cc:141] Your CPU supports instructions that this TensorFlow binary was not compiled to use: AVX2 FMA
2019-04-30 17:37:44.115133: I tensorflow/stream_executor/cuda/cuda_gpu_executor.cc:964] successful NUMA node read from SysFS had negative value (-1), but there must be at least one NUMA node, so returning NUMA node zero
2019-04-30 17:37:44.115532: I tensorflow/core/common_runtime/gpu/gpu_device.cc:1432] Found device 0 with properties: 
name: TITAN Xp major: 6 minor: 1 memoryClockRate(GHz): 1.582
pciBusID: 0000:01:00.0
totalMemory: 11,91GiB freeMemory: 11,72GiB
2019-04-30 17:37:44.115544: I tensorflow/core/common_runtime/gpu/gpu_device.cc:1511] Adding visible gpu devices: 0
2019-04-30 17:37:44.278724: I tensorflow/core/common_runtime/gpu/gpu_device.cc:982] Device interconnect StreamExecutor with strength 1 edge matrix:
2019-04-30 17:37:44.278753: I tensorflow/core/common_runtime/gpu/gpu_device.cc:988]      0 
2019-04-30 17:37:44.278759: I tensorflow/core/common_runtime/gpu/gpu_device.cc:1001] 0:   N 
2019-04-30 17:37:44.278960: I tensorflow/core/common_runtime/gpu/gpu_device.cc:1115] Created TensorFlow device (/job:localhost/replica:0/task:0/device:GPU:0 with 11343 MB memory) -> physical GPU (device: 0, name: TITAN Xp, pci bus id: 0000:01:00.0, compute capability: 6.1)
tf.estimator package not installed.
tf.estimator package not installed.
142
weights_unet_v_2/unet_weights.hdf5
Step:  17 2768 2428 2767 2428
MAX time seen 361.0
(6, 2768, 2428)
(6, 2767, 2428)
(2767, 2428)

 2
              precision    recall  f1-score   support

    imp surf       0.83      0.93      0.87   1672969
         car       0.93      0.70      0.80    104044
    building       0.98      0.89      0.93   1533055
  background       0.00      0.00      0.00    124230
     low veg       0.73      0.83      0.77   1634290
        tree       0.85      0.78      0.81   1649688

   micro avg       0.84      0.84      0.84   6718276
   macro avg       0.72      0.69      0.70   6718276
weighted avg       0.83      0.84      0.83   6718276


Accuracy 0.8371037450679312
Step:  16 2560 1888 2557 1887
MAX time seen 400.0
(6, 2560, 1888)
(6, 2557, 1887)
(2557, 1887)

 4
              precision    recall  f1-score   support

    imp surf       0.77      0.94      0.85   1466118
         car       0.87      0.60      0.71     72838
    building       0.98      0.86      0.92   2821435
  background       0.00      0.00      0.00         0
     low veg       0.55      0.54      0.55    223805
        tree       0.75      0.84      0.79    240863

   micro avg       0.87      0.87      0.87   4825059
   macro avg       0.65      0.63      0.64   4825059
weighted avg       0.88      0.87      0.87   4825059


Accuracy 0.868507721874489
Step:  16 2560 1888 2557 1887
MAX time seen 400.0
(6, 2560, 1888)
(6, 2557, 1887)
(2557, 1887)

 6
              precision    recall  f1-score   support

    imp surf       0.85      0.87      0.86   1233825
         car       0.85      0.64      0.73     79235
    building       0.93      0.85      0.89   1601632
  background       0.00      0.00      0.00         0
     low veg       0.56      0.71      0.62    516263
        tree       0.91      0.91      0.91   1394104

   micro avg       0.85      0.85      0.85   4825059
   macro avg       0.68      0.66      0.67   4825059
weighted avg       0.86      0.85      0.86   4825059


Accuracy 0.8532206549184166
Step:  16 2560 1888 2557 1887
MAX time seen 400.0
(6, 2560, 1888)
(6, 2557, 1887)
(2557, 1887)

 8
              precision    recall  f1-score   support

    imp surf       0.87      0.89      0.88   1517913
         car       0.92      0.67      0.77     82005
    building       0.95      0.86      0.90   1116831
  background       0.00      0.00      0.00         0
     low veg       0.70      0.90      0.79    951333
        tree       0.94      0.80      0.87   1156977

   micro avg       0.86      0.86      0.86   4825059
   macro avg       0.73      0.69      0.70   4825059
weighted avg       0.87      0.86      0.86   4825059


Accuracy 0.85957353060346
Step:  16 2560 1888 2557 1887
MAX time seen 400.0
(6, 2560, 1888)
(6, 2557, 1887)
(2557, 1887)

 10
              precision    recall  f1-score   support

    imp surf       0.92      0.85      0.88   1809867
         car       0.76      0.77      0.77     34020
    building       0.89      0.91      0.90   1139974
  background       0.00      0.00      0.00         0
     low veg       0.70      0.79      0.74    848788
        tree       0.85      0.86      0.86    992410

   micro avg       0.85      0.85      0.85   4825059
   macro avg       0.69      0.70      0.69   4825059
weighted avg       0.86      0.85      0.86   4825059


Accuracy 0.8545468563182336
Step:  24 2576 1928 2575 1922
MAX time seen 196.0
(6, 2576, 1928)
(6, 2575, 1922)
(2575, 1922)

 12
              precision    recall  f1-score   support

    imp surf       0.73      0.86      0.79    704438
         car       0.90      0.84      0.87     24937
    building       0.89      0.85      0.87    947146
  background       0.00      0.00      0.00         0
     low veg       0.83      0.70      0.76   1437900
        tree       0.83      0.89      0.86   1834729

   micro avg       0.82      0.82      0.82   4949150
   macro avg       0.70      0.69      0.69   4949150
weighted avg       0.83      0.82      0.82   4949150


Accuracy 0.8238554095147652
Step:  25 2570 1920 2565 1919
MAX time seen 169.0
(6, 2570, 1920)
(6, 2565, 1919)
(2565, 1919)

 14
              precision    recall  f1-score   support

    imp surf       0.86      0.79      0.83   1132698
         car       0.68      0.84      0.75     13160
    building       0.87      0.91      0.89    867583
  background       0.00      0.00      0.00         0
     low veg       0.64      0.78      0.71   1255273
        tree       0.87      0.75      0.81   1653521

   micro avg       0.80      0.80      0.80   4922235
   macro avg       0.65      0.68      0.66   4922235
weighted avg       0.81      0.80      0.80   4922235


Accuracy 0.7984234803905137
Step:  25 2570 1920 2565 1919
MAX time seen 169.0
(6, 2570, 1920)
(6, 2565, 1919)
(2565, 1919)

 16
              precision    recall  f1-score   support

    imp surf       0.84      0.84      0.84    762536
         car       0.74      0.86      0.79     11039
    building       0.92      0.91      0.92    876923
  background       0.00      0.00      0.00         0
     low veg       0.82      0.74      0.78   1462710
        tree       0.82      0.88      0.85   1809027

   micro avg       0.84      0.84      0.84   4922235
   macro avg       0.69      0.71      0.70   4922235
weighted avg       0.84      0.84      0.84   4922235


Accuracy 0.8377040104749164
Step:  21 2315 1874 2315 1866
MAX time seen 256.0
(6, 2315, 1874)
(6, 2315, 1866)
(2315, 1866)

 20
              precision    recall  f1-score   support

    imp surf       0.92      0.77      0.84    869283
         car       0.80      0.78      0.79     17858
    building       0.78      0.89      0.83    706010
  background       0.00      0.00      0.00    116770
     low veg       0.67      0.77      0.72    836022
        tree       0.90      0.92      0.91   1773847

   micro avg       0.83      0.83      0.83   4319790
   macro avg       0.68      0.69      0.68   4319790
weighted avg       0.82      0.83      0.82   4319790


Accuracy 0.8299225193817292
Step:  18 2552 1904 2546 1903
MAX time seen 324.0
(6, 2552, 1904)
(6, 2546, 1903)
(2546, 1903)

 22
              precision    recall  f1-score   support

    imp surf       0.90      0.88      0.89   1548870
         car       0.80      0.66      0.73     53188
    building       0.91      0.91      0.91    864570
  background       0.00      0.00      0.00         0
     low veg       0.76      0.77      0.77    979331
        tree       0.87      0.89      0.88   1399079

   micro avg       0.86      0.86      0.86   4845038
   macro avg       0.71      0.69      0.69   4845038
weighted avg       0.86      0.86      0.86   4845038


Accuracy 0.8631069560238743
Step:  18 2552 1904 2546 1903
MAX time seen 324.0
(6, 2552, 1904)
(6, 2546, 1903)
(2546, 1903)

 24
              precision    recall  f1-score   support

    imp surf       0.82      0.73      0.77    703600
         car       0.81      0.81      0.81     18309
    building       0.88      0.89      0.88    909445
  background       0.00      0.00      0.00         0
     low veg       0.83      0.86      0.85   1986889
        tree       0.81      0.82      0.82   1226795

   micro avg       0.84      0.84      0.84   4845038
   macro avg       0.69      0.68      0.69   4845038
weighted avg       0.83      0.84      0.83   4845038


Accuracy 0.8351546468778985
Step:  20 3320 1920 3313 1917
MAX time seen 256.0
(6, 3320, 1920)
(6, 3313, 1917)
(3313, 1917)

 27
              precision    recall  f1-score   support

    imp surf       0.81      0.94      0.87   2029522
         car       0.88      0.72      0.79    206789
    building       0.97      0.83      0.89   2219920
  background       0.00      0.00      0.00     15891
     low veg       0.78      0.75      0.76   1242503
        tree       0.72      0.85      0.78    636396

   micro avg       0.84      0.84      0.84   6351021
   macro avg       0.69      0.68      0.68   6351021
weighted avg       0.85      0.84      0.84   6351021


Accuracy 0.8447262259091884
Step:  17 2564 1918 2563 1917
MAX time seen 361.0
(6, 2564, 1918)
(6, 2563, 1917)
(2563, 1917)

 29
              precision    recall  f1-score   support

    imp surf       0.89      0.95      0.92   2090518
         car       0.78      0.75      0.76     66069
    building       0.94      0.93      0.94   1339557
  background       0.00      0.00      0.00    146135
     low veg       0.83      0.62      0.71    730577
        tree       0.67      0.94      0.78    540415

   micro avg       0.86      0.86      0.86   4913271
   macro avg       0.69      0.70      0.69   4913271
weighted avg       0.84      0.86      0.85   4913271


Accuracy 0.8627053138326789
Step:  20 2560 1980 2555 1980
MAX time seen 256.0
(6, 2560, 1980)
(6, 2555, 1980)
(2555, 1980)

 31
              precision    recall  f1-score   support

    imp surf       0.77      0.98      0.86   1970871
         car       0.86      0.66      0.75    182493
    building       0.92      0.75      0.83   1402606
  background       0.00      0.00      0.00    170440
     low veg       0.89      0.85      0.87    756008
        tree       0.91      0.86      0.88    576482

   micro avg       0.84      0.84      0.84   5058900
   macro avg       0.72      0.68      0.70   5058900
weighted avg       0.82      0.84      0.82   5058900


Accuracy 0.8368655241257981
Step:  16 2560 1584 2555 1581
MAX time seen 400.0
(6, 2560, 1584)
(6, 2555, 1581)
(2555, 1581)

 33
              precision    recall  f1-score   support

    imp surf       0.78      0.97      0.86   1554472
         car       0.65      0.64      0.64     51784
    building       0.91      0.76      0.83   1170059
  background       0.00      0.00      0.00    218121
     low veg       0.57      0.43      0.49    621791
        tree       0.52      0.75      0.61    423228

   micro avg       0.75      0.75      0.75   4039455
   macro avg       0.57      0.59      0.57   4039455
weighted avg       0.71      0.75      0.72   4039455


Accuracy 0.7458850265691783
Step:  29 1886 2814 1884 2805
MAX time seen 144.0
(6, 1886, 2814)
(6, 1884, 2805)
(1884, 2805)

 35
              precision    recall  f1-score   support

    imp surf       0.84      0.84      0.84   1316392
         car       0.90      0.64      0.75     39515
    building       0.94      0.85      0.89   1397267
  background       0.00      0.00      0.00         0
     low veg       0.65      0.81      0.72   1302150
        tree       0.80      0.69      0.74   1229296

   micro avg       0.80      0.80      0.80   5284620
   macro avg       0.69      0.64      0.66   5284620
weighted avg       0.81      0.80      0.80   5284620


Accuracy 0.7989459980093176
Step:  23 2551 3816 2550 3816
MAX time seen 196.0
(6, 2551, 3816)
(6, 2550, 3816)
(2550, 3816)

 38
              precision    recall  f1-score   support

    imp surf       0.85      0.94      0.89   2593516
         car       0.86      0.71      0.78     93108
    building       0.96      0.85      0.90   2448506
  background       0.00      0.00      0.00         0
     low veg       0.80      0.81      0.81   2708217
        tree       0.81      0.80      0.80   1887453

   micro avg       0.85      0.85      0.85   9730800
   macro avg       0.71      0.69      0.70   9730800
weighted avg       0.86      0.85      0.85   9730800


Accuracy 0.8525745056932627
Using TensorFlow backend.
/usr/local/lib/python3.6/dist-packages/sklearn/metrics/classification.py:1143: UndefinedMetricWarning: Precision and F-score are ill-defined and being set to 0.0 in labels with no predicted samples.
  'precision', 'predicted', average, warn_for)
/usr/local/lib/python3.6/dist-packages/sklearn/metrics/classification.py:1145: UndefinedMetricWarning: Recall and F-score are ill-defined and being set to 0.0 in labels with no true samples.
  'recall', 'true', average, warn_for)
[0.8371037450679312, 0.868507721874489, 0.8532206549184166, 0.85957353060346, 0.8545468563182336, 0.8238554095147652, 0.7984234803905137, 0.8377040104749164, 0.8299225193817292, 0.8631069560238743, 0.8351546468778985, 0.8447262259091884, 0.8627053138326789, 0.8368655241257981, 0.7458850265691783, 0.7989459980093176, 0.8525745056932627]
23  Accuracy all 0.83546012503445
