nohup: ignoring input
              precision    recall  f1-score   support

    imp surf       0.92      0.87      0.90   8143285
         car       0.93      0.92      0.92    314352
    building       0.95      0.89      0.92   6366416
     low veg       0.77      0.94      0.85  10059413
        tree       0.92      0.74      0.82   7754896

    accuracy                           0.87  32638362
   macro avg       0.90      0.87      0.88  32638362
weighted avg       0.88      0.87      0.87  32638362

2_13
0.8673090886117385 

              precision    recall  f1-score   support

    imp surf       0.91      0.88      0.90   5024844
         car       0.93      0.97      0.95    160574
    building       0.93      0.96      0.94   2354364
     low veg       0.81      0.96      0.88  14022466
        tree       0.96      0.76      0.85  12191703

    accuracy                           0.88  33753951
   macro avg       0.91      0.91      0.90  33753951
weighted avg       0.89      0.88      0.88  33753951

2_14
0.8762720547884898 

              precision    recall  f1-score   support

    imp surf       0.91      0.86      0.89   8212557
         car       0.93      0.98      0.95    455481
    building       0.94      0.96      0.95   8524463
     low veg       0.77      0.90      0.83   7402728
        tree       0.93      0.81      0.87   7764527

    accuracy                           0.89  32359756
   macro avg       0.90      0.90      0.90  32359756
weighted avg       0.89      0.89      0.89  32359756

3_13
0.8856293601224929 

              precision    recall  f1-score   support

    imp surf       0.91      0.84      0.88   6840973
         car       0.92      0.92      0.92    315898
    building       0.93      0.96      0.95   7617062
     low veg       0.73      0.93      0.82   8847185
        tree       0.94      0.71      0.81   8723362

    accuracy                           0.86  32344480
   macro avg       0.89      0.87      0.87  32344480
weighted avg       0.88      0.86      0.86  32344480

3_14
0.8590140883390304 

              precision    recall  f1-score   support

    imp surf       0.94      0.92      0.93  10070823
         car       0.96      0.98      0.97    590723
    building       0.96      0.97      0.96  11590321
     low veg       0.82      0.85      0.83   4593511
        tree       0.88      0.87      0.87   4210889

    accuracy                           0.92  31056267
   macro avg       0.91      0.92      0.91  31056267
weighted avg       0.92      0.92      0.92  31056267

4_13
0.9201449420820603 

              precision    recall  f1-score   support

    imp surf       0.87      0.86      0.87   8400520
         car       0.95      0.94      0.95    627111
    building       0.90      0.96      0.93   7051104
     low veg       0.70      0.86      0.77   7471237
        tree       0.94      0.65      0.77   6324812

    accuracy                           0.84  29874784
   macro avg       0.87      0.85      0.86  29874784
weighted avg       0.85      0.84      0.84  29874784

4_14
0.8401675138471294 

              precision    recall  f1-score   support

    imp surf       0.88      0.87      0.88  11408861
         car       0.92      0.96      0.94    636049
    building       0.88      0.92      0.90  10843435
     low veg       0.70      0.85      0.76   5208323
        tree       0.95      0.62      0.75   4233047

    accuracy                           0.85  32329715
   macro avg       0.87      0.84      0.85  32329715
weighted avg       0.86      0.85      0.85  32329715

4_15
0.8521403606558239 

              precision    recall  f1-score   support

    imp surf       0.95      0.89      0.92  11274069
         car       0.97      0.97      0.97    725252
    building       0.96      0.97      0.96  10043222
     low veg       0.78      0.90      0.84   6479071
        tree       0.85      0.79      0.82   4113814

    accuracy                           0.90  32635428
   macro avg       0.90      0.90      0.90  32635428
weighted avg       0.91      0.90      0.91  32635428

5_13
0.9046087889516877 

              precision    recall  f1-score   support

    imp surf       0.90      0.93      0.91   8918286
         car       0.92      0.95      0.93    537865
    building       0.97      0.95      0.96   8814090
     low veg       0.80      0.86      0.83   6830736
        tree       0.88      0.78      0.83   5966359

    accuracy                           0.89  31067336
   macro avg       0.89      0.89      0.89  31067336
weighted avg       0.89      0.89      0.89  31067336

5_14
0.8920116613796562 

              precision    recall  f1-score   support

    imp surf       0.94      0.88      0.91  13403506
         car       0.96      0.97      0.96    710962
    building       0.92      0.91      0.91   8555693
     low veg       0.70      0.86      0.77   4582308
        tree       0.84      0.81      0.82   3873043

    accuracy                           0.88  31125512
   macro avg       0.87      0.88      0.88  31125512
weighted avg       0.89      0.88      0.88  31125512

5_15
0.8787871505535395 

              precision    recall  f1-score   support

    imp surf       0.93      0.90      0.92  12744609
         car       0.93      0.97      0.95    338888
    building       0.95      0.90      0.93   8384896
     low veg       0.84      0.96      0.89   7962304
        tree       0.90      0.81      0.85   3907748

    accuracy                           0.91  33338445
   macro avg       0.91      0.91      0.91  33338445
weighted avg       0.91      0.91      0.91  33338445

6_13
0.9071640563919523 

              precision    recall  f1-score   support

    imp surf       0.95      0.95      0.95  13261083
         car       0.94      0.99      0.96    839064
    building       0.98      0.92      0.95  10580203
     low veg       0.80      0.90      0.84   5010222
        tree       0.87      0.87      0.87   3175522

    accuracy                           0.92  32866094
   macro avg       0.91      0.92      0.92  32866094
weighted avg       0.93      0.92      0.93  32866094

6_14
0.9247940445858884 

              precision    recall  f1-score   support

    imp surf       0.95      0.90      0.93  12624158
         car       0.92      0.98      0.95    825672
    building       0.94      0.92      0.93   8063903
     low veg       0.63      0.91      0.74   4664719
        tree       0.94      0.71      0.81   5184168

    accuracy                           0.88  31362620
   macro avg       0.88      0.88      0.87  31362620
weighted avg       0.90      0.88      0.88  31362620

6_15
0.8781566399745939 

              precision    recall  f1-score   support

    imp surf       0.97      0.89      0.93  17153465
         car       0.96      0.97      0.96    367693
    building       0.96      0.86      0.91   7856299
     low veg       0.55      0.80      0.65   3299209
        tree       0.69      0.86      0.77   2513071

    accuracy                           0.87  31189737
   macro avg       0.82      0.88      0.84  31189737
weighted avg       0.90      0.87      0.88  31189737

7_13
0.8736157024985495 

PRECISION
i_s 0.9248555189763017
car 0.9383982878418041
building 0.9407373946501633
low veg 0.7409723317958373
tree 0.8930797389544987
macro 0.8876086544437211
RECALL
i_s 0.8889428688747818
car 0.9609183819016625
building 0.9328645085387745
low veg 0.8902539422021449
tree 0.7711826811030307
macro 0.8888324765240789
F1 - SCORE
i_s 0.9063211067789856
car 0.9493943509003067
building 0.9363160207290401
low veg 0.8071338882127507
tree 0.8226686910052987
macro 0.8843668115252763
 Accuracy all 0.8828439609130452
