nohup: ignoring input
Unable to init server: Could not connect: Connection refused
Unable to init server: Could not connect: Connection refused

(predict.py:16923): Gdk-CRITICAL **: 14:53:48.024: gdk_cursor_new_for_display: assertion 'GDK_IS_DISPLAY (display)' failed

(predict.py:16923): Gdk-CRITICAL **: 14:53:48.025: gdk_cursor_new_for_display: assertion 'GDK_IS_DISPLAY (display)' failed
2019-05-20 14:53:52.623976: I tensorflow/core/platform/cpu_feature_guard.cc:140] Your CPU supports instructions that this TensorFlow binary was not compiled to use: AVX2 FMA
2019-05-20 14:53:52.747126: I tensorflow/stream_executor/cuda/cuda_gpu_executor.cc:898] successful NUMA node read from SysFS had negative value (-1), but there must be at least one NUMA node, so returning NUMA node zero
2019-05-20 14:53:52.747472: I tensorflow/core/common_runtime/gpu/gpu_device.cc:1356] Found device 0 with properties: 
name: TITAN Xp major: 6 minor: 1 memoryClockRate(GHz): 1.582
pciBusID: 0000:01:00.0
totalMemory: 11.91GiB freeMemory: 11.23GiB
2019-05-20 14:53:52.747483: I tensorflow/core/common_runtime/gpu/gpu_device.cc:1435] Adding visible gpu devices: 0
2019-05-20 14:53:52.903630: I tensorflow/core/common_runtime/gpu/gpu_device.cc:923] Device interconnect StreamExecutor with strength 1 edge matrix:
2019-05-20 14:53:52.903660: I tensorflow/core/common_runtime/gpu/gpu_device.cc:929]      0 
2019-05-20 14:53:52.903665: I tensorflow/core/common_runtime/gpu/gpu_device.cc:942] 0:   N 
2019-05-20 14:53:52.903800: I tensorflow/core/common_runtime/gpu/gpu_device.cc:1053] Created TensorFlow device (/job:localhost/replica:0/task:0/device:GPU:0 with 9144 MB memory) -> physical GPU (device: 0, name: TITAN Xp, pci bus id: 0000:01:00.0, compute capability: 6.1)
2019-05-20 14:53:53.319221: I tensorflow/core/common_runtime/gpu/gpu_device.cc:1435] Adding visible gpu devices: 0
2019-05-20 14:53:53.319258: I tensorflow/core/common_runtime/gpu/gpu_device.cc:923] Device interconnect StreamExecutor with strength 1 edge matrix:
2019-05-20 14:53:53.319265: I tensorflow/core/common_runtime/gpu/gpu_device.cc:929]      0 
2019-05-20 14:53:53.319269: I tensorflow/core/common_runtime/gpu/gpu_device.cc:942] 0:   N 
2019-05-20 14:53:53.319379: I tensorflow/core/common_runtime/gpu/gpu_device.cc:1053] Created TensorFlow device (/job:localhost/replica:0/task:0/device:GPU:0 with 9144 MB memory) -> physical GPU (device: 0, name: TITAN Xp, pci bus id: 0000:01:00.0, compute capability: 6.1)
40
weights_W_vaihingen_2/weights.hdf5
Step:  17 2768 2428 2767 2428
MAX time seen 361.0

 2
              precision    recall  f1-score   support

    imp surf       0.64      0.96      0.77   1672969
         car       0.90      0.43      0.58    104044
    building       0.95      0.82      0.88   1533055
  background       0.00      0.00      0.00    124230
     low veg       0.56      0.71      0.63   1634290
        tree       0.95      0.44      0.60   1649688

    accuracy                           0.71   6718276
   macro avg       0.67      0.56      0.58   6718276
weighted avg       0.76      0.71      0.70   6718276


Accuracy 0.7136952992106904
Step:  16 2560 1888 2557 1887
MAX time seen 400.0

 4
              precision    recall  f1-score   support

    imp surf       0.71      0.93      0.81   1466118
         car       0.63      0.31      0.42     72838
    building       0.96      0.85      0.90   2821435
  background       0.00      0.00      0.00         0
     low veg       0.43      0.42      0.42    223805
        tree       0.80      0.49      0.61    240863

   micro avg       0.83      0.83      0.83   4825059
   macro avg       0.59      0.50      0.53   4825059
weighted avg       0.85      0.83      0.83   4825059


Accuracy 0.8304630057373392
Step:  16 2560 1888 2557 1887
MAX time seen 400.0

 6
              precision    recall  f1-score   support

    imp surf       0.71      0.91      0.80   1233825
         car       0.74      0.41      0.53     79235
    building       0.93      0.78      0.85   1601632
  background       0.00      0.00      0.00         0
     low veg       0.47      0.79      0.59    516263
        tree       0.96      0.69      0.81   1394104

   micro avg       0.78      0.78      0.78   4825059
   macro avg       0.64      0.60      0.59   4825059
weighted avg       0.83      0.78      0.79   4825059


Accuracy 0.7821815235834422
Step:  16 2560 1888 2557 1887
MAX time seen 400.0

 8
              precision    recall  f1-score   support

    imp surf       0.75      0.93      0.83   1517913
         car       0.79      0.46      0.58     82005
    building       0.93      0.78      0.85   1116831
  background       0.00      0.00      0.00         0
     low veg       0.56      0.83      0.67    951333
        tree       0.98      0.47      0.64   1156977

   micro avg       0.76      0.76      0.76   4825059
   macro avg       0.67      0.58      0.59   4825059
weighted avg       0.81      0.76      0.75   4825059


Accuracy 0.7577637910748863
Step:  16 2560 1888 2557 1887
MAX time seen 400.0

 10
              precision    recall  f1-score   support

    imp surf       0.85      0.84      0.84   1809867
         car       0.48      0.57      0.52     34020
    building       0.80      0.87      0.84   1139974
  background       0.00      0.00      0.00         0
     low veg       0.58      0.80      0.67    848788
        tree       0.93      0.55      0.69    992410

   micro avg       0.78      0.78      0.78   4825059
   macro avg       0.61      0.60      0.59   4825059
weighted avg       0.80      0.78      0.78   4825059


Accuracy 0.7764839766726168
Step:  24 2576 1928 2575 1922
MAX time seen 196.0

 12
              precision    recall  f1-score   support

    imp surf       0.64      0.88      0.74    704438
         car       0.53      0.78      0.63     24937
    building       0.87      0.79      0.83    947146
  background       0.00      0.00      0.00         0
     low veg       0.63      0.82      0.71   1437900
        tree       0.93      0.62      0.75   1834729

   micro avg       0.75      0.75      0.75   4949150
   macro avg       0.60      0.65      0.61   4949150
weighted avg       0.79      0.75      0.75   4949150


Accuracy 0.7492048129476779
Step:  25 2570 1920 2565 1919
MAX time seen 169.0

 14
              precision    recall  f1-score   support

    imp surf       0.76      0.85      0.80   1132698
         car       0.45      0.80      0.58     13160
    building       0.83      0.88      0.85    867583
  background       0.00      0.00      0.00         0
     low veg       0.51      0.79      0.62   1255273
        tree       0.93      0.42      0.58   1653521

   micro avg       0.70      0.70      0.70   4922235
   macro avg       0.58      0.62      0.57   4922235
weighted avg       0.76      0.70      0.69   4922235


Accuracy 0.6969309673349606
Step:  25 2570 1920 2565 1919
MAX time seen 169.0

 16
              precision    recall  f1-score   support

    imp surf       0.75      0.84      0.79    762536
         car       0.41      0.72      0.52     11039
    building       0.88      0.87      0.87    876923
  background       0.00      0.00      0.00         0
     low veg       0.66      0.84      0.74   1462710
        tree       0.91      0.65      0.76   1809027

   micro avg       0.78      0.78      0.78   4922235
   macro avg       0.60      0.65      0.61   4922235
weighted avg       0.80      0.78      0.78   4922235


Accuracy 0.7764422056240712
Step:  21 2315 1874 2315 1866
MAX time seen 256.0

 20
              precision    recall  f1-score   support

    imp surf       0.86      0.82      0.84    869283
         car       0.45      0.50      0.47     17858
    building       0.78      0.92      0.84    706010
  background       0.00      0.00      0.00    116770
     low veg       0.52      0.83      0.64    836022
        tree       0.95      0.70      0.80   1773847

    accuracy                           0.76   4319790
   macro avg       0.59      0.63      0.60   4319790
weighted avg       0.79      0.76      0.76   4319790


Accuracy 0.7626437859247788
Step:  18 2552 1904 2546 1903
MAX time seen 324.0

 22
              precision    recall  f1-score   support

    imp surf       0.82      0.90      0.86   1548870
         car       0.64      0.49      0.56     53188
    building       0.88      0.88      0.88    864570
  background       0.00      0.00      0.00         0
     low veg       0.57      0.80      0.66    979331
        tree       0.95      0.59      0.73   1399079

   micro avg       0.78      0.78      0.78   4845038
   macro avg       0.64      0.61      0.62   4845038
weighted avg       0.82      0.78      0.78   4845038


Accuracy 0.7829697104542833
Step:  18 2552 1904 2546 1903
MAX time seen 324.0

 24
              precision    recall  f1-score   support

    imp surf       0.75      0.79      0.77    703600
         car       0.45      0.43      0.44     18309
    building       0.84      0.87      0.85    909445
  background       0.00      0.00      0.00         0
     low veg       0.71      0.92      0.80   1986889
        tree       0.96      0.46      0.63   1226795

   micro avg       0.77      0.77      0.77   4845038
   macro avg       0.62      0.58      0.58   4845038
weighted avg       0.80      0.77      0.76   4845038


Accuracy 0.7720608176860533
Step:  20 3320 1920 3313 1917
MAX time seen 256.0

 27
              precision    recall  f1-score   support

    imp surf       0.68      0.95      0.79   2029522
         car       0.73      0.47      0.57    206789
    building       0.94      0.78      0.86   2219920
  background       0.00      0.00      0.00     15891
     low veg       0.67      0.67      0.67   1242503
        tree       0.86      0.38      0.53    636396

    accuracy                           0.76   6351021
   macro avg       0.64      0.54      0.57   6351021
weighted avg       0.79      0.76      0.75   6351021


Accuracy 0.7602393378954344
Step:  17 2564 1918 2563 1917
MAX time seen 361.0

 29
              precision    recall  f1-score   support

    imp surf       0.85      0.94      0.89   2090518
         car       0.71      0.63      0.67     66069
    building       0.87      0.89      0.88   1339557
  background       0.00      0.00      0.00    146135
     low veg       0.68      0.70      0.69    730577
        tree       0.80      0.59      0.68    540415

    accuracy                           0.82   4913271
   macro avg       0.65      0.63      0.63   4913271
weighted avg       0.80      0.82      0.81   4913271


Accuracy 0.8208287310022183
Step:  20 2560 1980 2555 1980
MAX time seen 256.0

 31
              precision    recall  f1-score   support

    imp surf       0.72      0.95      0.82   1970871
         car       0.67      0.55      0.60    182493
    building       0.85      0.67      0.75   1402606
  background       0.00      0.00      0.00    170440
     low veg       0.81      0.82      0.82    756008
        tree       0.95      0.68      0.80    576482

    accuracy                           0.78   5058900
   macro avg       0.67      0.61      0.63   5058900
weighted avg       0.77      0.78      0.76   5058900


Accuracy 0.7778922295360652
Step:  16 2560 1584 2555 1581
MAX time seen 400.0

 33
              precision    recall  f1-score   support

    imp surf       0.73      0.92      0.82   1554472
         car       0.40      0.46      0.43     51784
    building       0.78      0.71      0.75   1170059
  background       0.00      0.00      0.00    218121
     low veg       0.45      0.41      0.43    621791
        tree       0.39      0.35      0.37    423228

    accuracy                           0.67   4039455
   macro avg       0.46      0.48      0.46   4039455
weighted avg       0.62      0.67      0.64   4039455


Accuracy 0.6676918049588373
Step:  29 1886 2814 1884 2805
MAX time seen 144.0

 35
              precision    recall  f1-score   support

    imp surf       0.67      0.90      0.77   1316392
         car       0.60      0.48      0.54     39515
    building       0.92      0.78      0.84   1397267
  background       0.00      0.00      0.00         0
     low veg       0.56      0.81      0.66   1302150
        tree       0.91      0.32      0.47   1229296

   micro avg       0.71      0.71      0.71   5284620
   macro avg       0.61      0.55      0.55   5284620
weighted avg       0.76      0.71      0.69   5284620


Accuracy 0.7071814056639834
Step:  23 2551 3816 2550 3816
MAX time seen 196.0

 38
              precision    recall  f1-score   support

    imp surf       0.74      0.94      0.83   2593516
         car       0.71      0.56      0.63     93108
    building       0.89      0.79      0.84   2448506
  background       0.00      0.00      0.00         0
     low veg       0.66      0.77      0.71   2708217
        tree       0.87      0.47      0.61   1887453

   micro avg       0.76      0.76      0.76   9730800
   macro avg       0.64      0.59      0.60   9730800
weighted avg       0.78      0.76      0.75   9730800


Accuracy 0.7609295227524973
Using TensorFlow backend.
/home/mdias/.local/lib/python3.6/site-packages/sklearn/metrics/classification.py:1437: UndefinedMetricWarning: Precision and F-score are ill-defined and being set to 0.0 in labels with no predicted samples.
  'precision', 'predicted', average, warn_for)
/home/mdias/.local/lib/python3.6/site-packages/sklearn/metrics/classification.py:1439: UndefinedMetricWarning: Recall and F-score are ill-defined and being set to 0.0 in labels with no true samples.
  'recall', 'true', average, warn_for)
[0.7136952992106904, 0.8304630057373392, 0.7821815235834422, 0.7577637910748863, 0.7764839766726168, 0.7492048129476779, 0.6969309673349606, 0.7764422056240712, 0.7626437859247788, 0.7829697104542833, 0.7720608176860533, 0.7602393378954344, 0.8208287310022183, 0.7778922295360652, 0.6676918049588373, 0.7071814056639834, 0.7609295227524973]
23  Accuracy all 0.7585648781211667
