nohup: ignoring input
Unable to init server: Could not connect: Connection refused
Unable to init server: Could not connect: Connection refused

(predict.py:28221): Gdk-CRITICAL **: 18:22:16.520: gdk_cursor_new_for_display: assertion 'GDK_IS_DISPLAY (display)' failed

(predict.py:28221): Gdk-CRITICAL **: 18:22:16.520: gdk_cursor_new_for_display: assertion 'GDK_IS_DISPLAY (display)' failed
2019-04-16 18:22:17.373229: I tensorflow/core/platform/cpu_feature_guard.cc:140] Your CPU supports instructions that this TensorFlow binary was not compiled to use: AVX2 FMA
2019-04-16 18:22:17.466674: I tensorflow/stream_executor/cuda/cuda_gpu_executor.cc:898] successful NUMA node read from SysFS had negative value (-1), but there must be at least one NUMA node, so returning NUMA node zero
2019-04-16 18:22:17.467011: I tensorflow/core/common_runtime/gpu/gpu_device.cc:1356] Found device 0 with properties: 
name: TITAN Xp major: 6 minor: 1 memoryClockRate(GHz): 1.582
pciBusID: 0000:01:00.0
totalMemory: 11.91GiB freeMemory: 11.09GiB
2019-04-16 18:22:17.467022: I tensorflow/core/common_runtime/gpu/gpu_device.cc:1435] Adding visible gpu devices: 0
2019-04-16 18:22:17.612284: I tensorflow/core/common_runtime/gpu/gpu_device.cc:923] Device interconnect StreamExecutor with strength 1 edge matrix:
2019-04-16 18:22:17.612311: I tensorflow/core/common_runtime/gpu/gpu_device.cc:929]      0 
2019-04-16 18:22:17.612316: I tensorflow/core/common_runtime/gpu/gpu_device.cc:942] 0:   N 
2019-04-16 18:22:17.612447: I tensorflow/core/common_runtime/gpu/gpu_device.cc:1053] Created TensorFlow device (/job:localhost/replica:0/task:0/device:GPU:0 with 10733 MB memory) -> physical GPU (device: 0, name: TITAN Xp, pci bus id: 0000:01:00.0, compute capability: 6.1)
MAX time seen 64.0

 2_13
             precision    recall  f1-score   support

   imp surf       0.90      0.89      0.89   8882718
        car       0.93      0.83      0.87    421248
   building       0.92      0.91      0.91   6659996
 background       0.35      0.54      0.43    695120
    low veg       0.81      0.87      0.84  10948401
       tree       0.89      0.79      0.84   8392517

avg / total       0.86      0.86      0.86  36000000


Accuracy 0.8577166944444444
MAX time seen 64.0

 2_14
             precision    recall  f1-score   support

   imp surf       0.92      0.88      0.90   5538723
        car       0.92      0.86      0.89    216918
   building       0.93      0.97      0.95   2479903
 background       0.19      0.48      0.27    129171
    low veg       0.85      0.93      0.89  14856280
       tree       0.94      0.82      0.88  12779005

avg / total       0.89      0.89      0.89  36000000


Accuracy 0.886282
MAX time seen 64.0

 3_13
             precision    recall  f1-score   support

   imp surf       0.88      0.89      0.88   9036269
        car       0.93      0.89      0.91    617800
   building       0.94      0.97      0.95   8875720
 background       0.47      0.30      0.37    853840
    low veg       0.81      0.87      0.84   8306384
       tree       0.91      0.84      0.88   8309987

avg / total       0.88      0.88      0.88  36000000


Accuracy 0.8799295277777778
MAX time seen 64.0

 3_14
             precision    recall  f1-score   support

   imp surf       0.88      0.87      0.87   7558153
        car       0.92      0.83      0.87    430255
   building       0.93      0.98      0.95   7905877
 background       0.61      0.40      0.48   1086985
    low veg       0.79      0.91      0.84   9741747
       tree       0.92      0.79      0.85   9276983

avg / total       0.87      0.87      0.86  36000000


Accuracy 0.8667441111111112
MAX time seen 64.0

 4_13
             precision    recall  f1-score   support

   imp surf       0.84      0.93      0.89  10923638
        car       0.96      0.89      0.92    785854
   building       0.96      0.96      0.96  12002962
 background       0.74      0.13      0.22   2440666
    low veg       0.78      0.86      0.82   5230373
       tree       0.83      0.88      0.85   4616507

avg / total       0.86      0.87      0.85  36000000


Accuracy 0.8687116944444444
MAX time seen 64.0

 4_14
             precision    recall  f1-score   support

   imp surf       0.74      0.88      0.80   9203255
        car       0.94      0.88      0.91    822665
   building       0.92      0.96      0.94   7290358
 background       0.62      0.34      0.44   3575672
    low veg       0.75      0.81      0.78   8304765
       tree       0.91      0.76      0.83   6803285

avg / total       0.80      0.81      0.80  36000000


Accuracy 0.8055830277777778
MAX time seen 64.0

 4_15
             precision    recall  f1-score   support

   imp surf       0.88      0.90      0.89  12332933
        car       0.92      0.87      0.89    860844
   building       0.91      0.94      0.93  11205613
 background       0.58      0.27      0.37   1044193
    low veg       0.74      0.87      0.80   5921137
       tree       0.92      0.70      0.80   4635280

avg / total       0.86      0.86      0.86  36000000


Accuracy 0.8629054166666666
MAX time seen 64.0

 5_13
             precision    recall  f1-score   support

   imp surf       0.91      0.91      0.91  12100202
        car       0.96      0.84      0.90    929932
   building       0.94      0.97      0.95  10352897
 background       0.65      0.31      0.42   1168524
    low veg       0.81      0.88      0.84   6951451
       tree       0.83      0.79      0.81   4496994

avg / total       0.88      0.88      0.88  36000000


Accuracy 0.8845841388888889
MAX time seen 64.0

 5_14
             precision    recall  f1-score   support

   imp surf       0.85      0.93      0.89   9711803
        car       0.93      0.85      0.89    708623
   building       0.92      0.97      0.95   9065733
 background       0.76      0.38      0.50   2683186
    low veg       0.81      0.85      0.83   7491410
       tree       0.85      0.81      0.83   6339245

avg / total       0.86      0.86      0.85  36000000


Accuracy 0.8607120277777778
MAX time seen 64.0

 5_15
             precision    recall  f1-score   support

   imp surf       0.88      0.90      0.89  14345203
        car       0.96      0.85      0.90    944771
   building       0.89      0.91      0.90   8882620
 background       0.65      0.34      0.45   2517515
    low veg       0.75      0.84      0.79   5138574
       tree       0.82      0.86      0.84   4171317

avg / total       0.84      0.85      0.84  36000000


Accuracy 0.84794975
MAX time seen 64.0

 6_13
             precision    recall  f1-score   support

   imp surf       0.92      0.86      0.89  13482601
        car       0.93      0.80      0.86    438354
   building       0.86      0.92      0.89   8615559
 background       0.44      0.25      0.32    734064
    low veg       0.84      0.96      0.89   8467509
       tree       0.89      0.80      0.84   4261913

avg / total       0.88      0.88      0.87  36000000


Accuracy 0.8762285555555556
MAX time seen 64.0

 6_14
             precision    recall  f1-score   support

   imp surf       0.93      0.94      0.94  14146010
        car       0.92      0.93      0.93   1138907
   building       0.95      0.95      0.95  10875014
 background       0.55      0.26      0.35    838912
    low veg       0.83      0.90      0.87   5570444
       tree       0.88      0.82      0.85   3430713

avg / total       0.91      0.91      0.91  36000000


Accuracy 0.9105127222222222
MAX time seen 64.0

 6_15
             precision    recall  f1-score   support

   imp surf       0.93      0.90      0.91  13544812
        car       0.91      0.91      0.91   1094763
   building       0.93      0.93      0.93   8303474
 background       0.71      0.72      0.72   2146246
    low veg       0.68      0.88      0.77   5329335
       tree       0.93      0.74      0.83   5581370

avg / total       0.88      0.87      0.87  36000000


Accuracy 0.8673706666666666
MAX time seen 64.0

 7_13
             precision    recall  f1-score   support

   imp surf       0.93      0.92      0.93  17808201
        car       0.94      0.89      0.92    492189
   building       0.96      0.89      0.92   8038241
 background       0.73      0.55      0.63   3241642
    low veg       0.64      0.82      0.72   3626687
       tree       0.71      0.84      0.77   2793040

avg / total       0.87      0.86      0.86  36000000


Accuracy 0.8641124166666667
/usr/local/lib/python3.6/dist-packages/h5py/__init__.py:36: FutureWarning: Conversion of the second argument of issubdtype from `float` to `np.floating` is deprecated. In future, it will be treated as `np.float64 == np.dtype(float).type`.
  from ._conv import register_converters as _register_converters
Using TensorFlow backend.
[0.8577166944444444, 0.886282, 0.8799295277777778, 0.8667441111111112, 0.8687116944444444, 0.8055830277777778, 0.8629054166666666, 0.8845841388888889, 0.8607120277777778, 0.84794975, 0.8762285555555556, 0.9105127222222222, 0.8673706666666666, 0.8641124166666667]
40  Accuracy all 0.8670959107142856
