nohup: ignoring input
Unable to init server: Could not connect: Connection refused
Unable to init server: Could not connect: Connection refused

(predict.py:10330): Gdk-CRITICAL **: 11:06:27.426: gdk_cursor_new_for_display: assertion 'GDK_IS_DISPLAY (display)' failed

(predict.py:10330): Gdk-CRITICAL **: 11:06:27.427: gdk_cursor_new_for_display: assertion 'GDK_IS_DISPLAY (display)' failed
2019-04-26 11:06:29.419681: I tensorflow/core/platform/cpu_feature_guard.cc:141] Your CPU supports instructions that this TensorFlow binary was not compiled to use: AVX2 FMA
2019-04-26 11:06:29.512052: I tensorflow/stream_executor/cuda/cuda_gpu_executor.cc:964] successful NUMA node read from SysFS had negative value (-1), but there must be at least one NUMA node, so returning NUMA node zero
2019-04-26 11:06:29.512459: I tensorflow/core/common_runtime/gpu/gpu_device.cc:1432] Found device 0 with properties: 
name: TITAN Xp major: 6 minor: 1 memoryClockRate(GHz): 1.582
pciBusID: 0000:01:00.0
totalMemory: 11,91GiB freeMemory: 11,72GiB
2019-04-26 11:06:29.512470: I tensorflow/core/common_runtime/gpu/gpu_device.cc:1511] Adding visible gpu devices: 0
2019-04-26 11:06:30.019867: I tensorflow/core/common_runtime/gpu/gpu_device.cc:982] Device interconnect StreamExecutor with strength 1 edge matrix:
2019-04-26 11:06:30.019899: I tensorflow/core/common_runtime/gpu/gpu_device.cc:988]      0 
2019-04-26 11:06:30.019904: I tensorflow/core/common_runtime/gpu/gpu_device.cc:1001] 0:   N 
2019-04-26 11:06:30.020130: I tensorflow/core/common_runtime/gpu/gpu_device.cc:1115] Created TensorFlow device (/job:localhost/replica:0/task:0/device:GPU:0 with 8535 MB memory) -> physical GPU (device: 0, name: TITAN Xp, pci bus id: 0000:01:00.0, compute capability: 6.1)
2019-04-26 11:06:32.417287: I tensorflow/core/common_runtime/gpu/gpu_device.cc:1511] Adding visible gpu devices: 0
2019-04-26 11:06:32.417340: I tensorflow/core/common_runtime/gpu/gpu_device.cc:982] Device interconnect StreamExecutor with strength 1 edge matrix:
2019-04-26 11:06:32.417349: I tensorflow/core/common_runtime/gpu/gpu_device.cc:988]      0 
2019-04-26 11:06:32.417354: I tensorflow/core/common_runtime/gpu/gpu_device.cc:1001] 0:   N 
2019-04-26 11:06:32.417586: I tensorflow/core/common_runtime/gpu/gpu_device.cc:1115] Created TensorFlow device (/job:localhost/replica:0/task:0/device:GPU:0 with 8535 MB memory) -> physical GPU (device: 0, name: TITAN Xp, pci bus id: 0000:01:00.0, compute capability: 6.1)
tf.estimator package not installed.
tf.estimator package not installed.
20
Step:  17 2768 2428 2767 2428
dim 2768 2428 3
MAX time seen 361.0
(6, 2768, 2428)

 2
              precision    recall  f1-score   support

    imp surf       0.81      0.93      0.86   1672969
         car       0.90      0.73      0.81    104044
    building       0.97      0.91      0.94   1533055
  background       0.00      0.00      0.00    124230
     low veg       0.77      0.80      0.79   1634290
        tree       0.86      0.83      0.84   1649688

   micro avg       0.85      0.85      0.85   6718276
   macro avg       0.72      0.70      0.71   6718276
weighted avg       0.84      0.85      0.84   6718276


Accuracy 0.8475492819884148
Step:  16 2560 1888 2557 1887
dim 2560 1888 3
MAX time seen 400.0
(6, 2560, 1888)

 4
              precision    recall  f1-score   support

    imp surf       0.77      0.95      0.85   1466118
         car       0.88      0.59      0.70     72838
    building       0.98      0.86      0.92   2821435
  background       0.00      0.00      0.00         0
     low veg       0.55      0.55      0.55    223805
        tree       0.75      0.88      0.81    240863

   micro avg       0.87      0.87      0.87   4825059
   macro avg       0.65      0.64      0.64   4825059
weighted avg       0.89      0.87      0.87   4825059


Accuracy 0.8696641844172268
Step:  16 2560 1888 2557 1887
dim 2560 1888 3
MAX time seen 400.0
(6, 2560, 1888)

 6
              precision    recall  f1-score   support

    imp surf       0.84      0.90      0.87   1233825
         car       0.88      0.57      0.69     79235
    building       0.96      0.85      0.90   1601632
  background       0.00      0.00      0.00         0
     low veg       0.63      0.77      0.69    516263
        tree       0.93      0.92      0.93   1394104

   micro avg       0.87      0.87      0.87   4825059
   macro avg       0.71      0.67      0.68   4825059
weighted avg       0.88      0.87      0.88   4825059


Accuracy 0.8726782408256563
Step:  16 2560 1888 2557 1887
dim 2560 1888 3
MAX time seen 400.0
(6, 2560, 1888)

 8
              precision    recall  f1-score   support

    imp surf       0.90      0.88      0.89   1517913
         car       0.92      0.68      0.78     82005
    building       0.97      0.90      0.93   1116831
  background       0.00      0.00      0.00         0
     low veg       0.71      0.92      0.80    951333
        tree       0.96      0.83      0.89   1156977

   micro avg       0.88      0.88      0.88   4825059
   macro avg       0.74      0.70      0.71   4825059
weighted avg       0.89      0.88      0.88   4825059


Accuracy 0.8772815005992672
Step:  16 2560 1888 2557 1887
dim 2560 1888 3
MAX time seen 400.0
(6, 2560, 1888)

 10
              precision    recall  f1-score   support

    imp surf       0.93      0.83      0.87   1809867
         car       0.74      0.80      0.77     34020
    building       0.91      0.90      0.90   1139974
  background       0.00      0.00      0.00         0
     low veg       0.67      0.80      0.73    848788
        tree       0.84      0.87      0.85    992410

   micro avg       0.85      0.85      0.85   4825059
   macro avg       0.68      0.70      0.69   4825059
weighted avg       0.86      0.85      0.85   4825059


Accuracy 0.8470143059390569
Step:  24 2576 1928 2575 1922
dim 2576 1928 3
MAX time seen 196.0
(6, 2576, 1928)

 12
              precision    recall  f1-score   support

    imp surf       0.84      0.85      0.84    704438
         car       0.91      0.84      0.87     24937
    building       0.91      0.91      0.91    947146
  background       0.00      0.00      0.00         0
     low veg       0.81      0.73      0.77   1437900
        tree       0.83      0.89      0.86   1834729

   micro avg       0.84      0.84      0.84   4949150
   macro avg       0.72      0.70      0.71   4949150
weighted avg       0.84      0.84      0.84   4949150


Accuracy 0.8420777305193821
Step:  25 2570 1920 2565 1919
dim 2570 1920 3
MAX time seen 169.0
(6, 2570, 1920)

 14
              precision    recall  f1-score   support

    imp surf       0.89      0.81      0.85   1132698
         car       0.63      0.84      0.72     13160
    building       0.90      0.93      0.91    867583
  background       0.00      0.00      0.00         0
     low veg       0.70      0.81      0.75   1255273
        tree       0.89      0.81      0.84   1653521

   micro avg       0.83      0.83      0.83   4922235
   macro avg       0.67      0.70      0.68   4922235
weighted avg       0.84      0.83      0.83   4922235


Accuracy 0.8314942297553856
Step:  25 2570 1920 2565 1919
dim 2570 1920 3
MAX time seen 169.0
(6, 2570, 1920)

 16
              precision    recall  f1-score   support

    imp surf       0.86      0.83      0.84    762536
         car       0.76      0.89      0.82     11039
    building       0.93      0.92      0.93    876923
  background       0.00      0.00      0.00         0
     low veg       0.81      0.79      0.80   1462710
        tree       0.84      0.87      0.86   1809027

   micro avg       0.85      0.85      0.85   4922235
   macro avg       0.70      0.72      0.71   4922235
weighted avg       0.85      0.85      0.85   4922235


Accuracy 0.8493485174925618
Step:  21 2315 1874 2315 1866
dim 2315 1874 3
MAX time seen 256.0
(6, 2315, 1874)

 20
              precision    recall  f1-score   support

    imp surf       0.94      0.83      0.88    869283
         car       0.66      0.82      0.73     17858
    building       0.80      0.92      0.86    706010
  background       0.00      0.00      0.00    116770
     low veg       0.74      0.79      0.76    836022
        tree       0.90      0.93      0.91   1773847

   micro avg       0.85      0.85      0.85   4319790
   macro avg       0.67      0.71      0.69   4319790
weighted avg       0.83      0.85      0.84   4319790


Accuracy 0.8533660201074589
Step:  18 2552 1904 2546 1903
dim 2552 1904 3
MAX time seen 324.0
(6, 2552, 1904)

 22
              precision    recall  f1-score   support

    imp surf       0.89      0.89      0.89   1548870
         car       0.78      0.74      0.76     53188
    building       0.93      0.91      0.92    864570
  background       0.00      0.00      0.00         0
     low veg       0.78      0.77      0.77    979331
        tree       0.87      0.89      0.88   1399079

   micro avg       0.87      0.87      0.87   4845038
   macro avg       0.71      0.70      0.70   4845038
weighted avg       0.87      0.87      0.87   4845038


Accuracy 0.8672575942644826
Step:  18 2552 1904 2546 1903
dim 2552 1904 3
MAX time seen 324.0
(6, 2552, 1904)

 24
              precision    recall  f1-score   support

    imp surf       0.79      0.79      0.79    703600
         car       0.79      0.85      0.82     18309
    building       0.92      0.82      0.87    909445
  background       0.00      0.00      0.00         0
     low veg       0.83      0.88      0.85   1986889
        tree       0.84      0.82      0.83   1226795

   micro avg       0.84      0.84      0.84   4845038
   macro avg       0.69      0.69      0.69   4845038
weighted avg       0.84      0.84      0.84   4845038


Accuracy 0.8401236481530175
Step:  20 3320 1920 3313 1917
dim 3320 1920 3
MAX time seen 256.0
(6, 3320, 1920)

 27
              precision    recall  f1-score   support

    imp surf       0.84      0.92      0.88   2029522
         car       0.92      0.73      0.81    206789
    building       0.98      0.84      0.91   2219920
  background       0.00      0.00      0.00     15891
     low veg       0.76      0.76      0.76   1242503
        tree       0.71      0.88      0.79    636396

   micro avg       0.85      0.85      0.85   6351021
   macro avg       0.70      0.69      0.69   6351021
weighted avg       0.86      0.85      0.85   6351021


Accuracy 0.8508063506639326
Step:  17 2564 1918 2563 1917
dim 2564 1918 3
MAX time seen 361.0
(6, 2564, 1918)

 29
              precision    recall  f1-score   support

    imp surf       0.90      0.92      0.91   2090518
         car       0.83      0.75      0.79     66069
    building       0.94      0.93      0.94   1339557
  background       0.00      0.00      0.00    146135
     low veg       0.76      0.63      0.69    730577
        tree       0.67      0.96      0.79    540415

   micro avg       0.86      0.86      0.86   4913271
   macro avg       0.68      0.70      0.68   4913271
weighted avg       0.84      0.86      0.84   4913271


Accuracy 0.8550495179280768
Step:  20 2560 1980 2555 1980
dim 2560 1980 3
MAX time seen 256.0
(6, 2560, 1980)

 31
              precision    recall  f1-score   support

    imp surf       0.76      0.97      0.86   1970871
         car       0.89      0.69      0.78    182493
    building       0.96      0.76      0.85   1402606
  background       0.00      0.00      0.00    170440
     low veg       0.89      0.86      0.88    756008
        tree       0.90      0.87      0.88    576482

   micro avg       0.84      0.84      0.84   5058900
   macro avg       0.73      0.69      0.71   5058900
weighted avg       0.83      0.84      0.83   5058900


Accuracy 0.8433768210480539
Step:  16 2560 1584 2555 1581
dim 2560 1584 3
MAX time seen 400.0
(6, 2560, 1584)

 33
              precision    recall  f1-score   support

    imp surf       0.78      0.95      0.85   1554472
         car       0.83      0.61      0.70     51784
    building       0.90      0.74      0.81   1170059
  background       0.00      0.00      0.00    218121
     low veg       0.50      0.43      0.46    621791
        tree       0.54      0.77      0.64    423228

   micro avg       0.73      0.73      0.73   4039455
   macro avg       0.59      0.58      0.58   4039455
weighted avg       0.70      0.73      0.71   4039455


Accuracy 0.7334318614763625
Step:  29 1886 2814 1884 2805
dim 1886 2814 3
MAX time seen 144.0
(6, 1886, 2814)

 35
              precision    recall  f1-score   support

    imp surf       0.87      0.81      0.84   1316392
         car       0.87      0.69      0.77     39515
    building       0.95      0.88      0.92   1397267
  background       0.00      0.00      0.00         0
     low veg       0.66      0.82      0.73   1302150
        tree       0.81      0.74      0.78   1229296

   micro avg       0.81      0.81      0.81   5284620
   macro avg       0.69      0.66      0.67   5284620
weighted avg       0.83      0.81      0.82   5284620


Accuracy 0.8149433639504827
2019-04-26 12:10:59.965221: W tensorflow/core/common_runtime/bfc_allocator.cc:211] Allocator (GPU_0_bfc) ran out of memory trying to allocate 3,96GiB. The caller indicates that this is not a failure, but may mean that there could be performance gains if more memory were available.
Step:  23 2551 3816 2550 3816
dim 2551 3816 3
MAX time seen 196.0
(6, 2551, 3816)

 38
              precision    recall  f1-score   support

    imp surf       0.90      0.89      0.89   2593516
         car       0.86      0.73      0.79     93108
    building       0.95      0.87      0.91   2448506
  background       0.00      0.00      0.00         0
     low veg       0.76      0.85      0.81   2708217
        tree       0.82      0.79      0.81   1887453

   micro avg       0.85      0.85      0.85   9730800
   macro avg       0.72      0.69      0.70   9730800
weighted avg       0.86      0.85      0.86   9730800


Accuracy 0.8545661199490279
Using TensorFlow backend.
/usr/local/lib/python3.6/dist-packages/sklearn/metrics/classification.py:1143: UndefinedMetricWarning: Precision and F-score are ill-defined and being set to 0.0 in labels with no predicted samples.
  'precision', 'predicted', average, warn_for)
/usr/local/lib/python3.6/dist-packages/sklearn/metrics/classification.py:1145: UndefinedMetricWarning: Recall and F-score are ill-defined and being set to 0.0 in labels with no true samples.
  'recall', 'true', average, warn_for)
[0.8475492819884148, 0.8696641844172268, 0.8726782408256563, 0.8772815005992672, 0.8470143059390569, 0.8420777305193821, 0.8314942297553856, 0.8493485174925618, 0.8533660201074589, 0.8672575942644826, 0.8401236481530175, 0.8508063506639326, 0.8550495179280768, 0.8433768210480539, 0.7334318614763625, 0.8149433639504827, 0.8545661199490279]
23  Accuracy all 0.8441193699457558
