nohup: ignoring input
2019-04-22 12:16:44.505482: I tensorflow/core/platform/cpu_feature_guard.cc:141] Your CPU supports instructions that this TensorFlow binary was not compiled to use: AVX2 FMA
2019-04-22 12:16:44.579640: I tensorflow/stream_executor/cuda/cuda_gpu_executor.cc:964] successful NUMA node read from SysFS had negative value (-1), but there must be at least one NUMA node, so returning NUMA node zero
2019-04-22 12:16:44.580028: I tensorflow/core/common_runtime/gpu/gpu_device.cc:1432] Found device 0 with properties: 
name: TITAN Xp major: 6 minor: 1 memoryClockRate(GHz): 1.582
pciBusID: 0000:01:00.0
totalMemory: 11.91GiB freeMemory: 11.72GiB
2019-04-22 12:16:44.580040: I tensorflow/core/common_runtime/gpu/gpu_device.cc:1511] Adding visible gpu devices: 0
2019-04-22 12:16:44.752902: I tensorflow/core/common_runtime/gpu/gpu_device.cc:982] Device interconnect StreamExecutor with strength 1 edge matrix:
2019-04-22 12:16:44.752930: I tensorflow/core/common_runtime/gpu/gpu_device.cc:988]      0 
2019-04-22 12:16:44.752935: I tensorflow/core/common_runtime/gpu/gpu_device.cc:1001] 0:   N 
2019-04-22 12:16:44.753122: I tensorflow/core/common_runtime/gpu/gpu_device.cc:1115] Created TensorFlow device (/job:localhost/replica:0/task:0/device:GPU:0 with 9755 MB memory) -> physical GPU (device: 0, name: TITAN Xp, pci bus id: 0000:01:00.0, compute capability: 6.1)
2019-04-22 12:16:46.379318: I tensorflow/core/common_runtime/gpu/gpu_device.cc:1511] Adding visible gpu devices: 0
2019-04-22 12:16:46.379354: I tensorflow/core/common_runtime/gpu/gpu_device.cc:982] Device interconnect StreamExecutor with strength 1 edge matrix:
2019-04-22 12:16:46.379359: I tensorflow/core/common_runtime/gpu/gpu_device.cc:988]      0 
2019-04-22 12:16:46.379363: I tensorflow/core/common_runtime/gpu/gpu_device.cc:1001] 0:   N 
2019-04-22 12:16:46.379554: I tensorflow/core/common_runtime/gpu/gpu_device.cc:1115] Created TensorFlow device (/job:localhost/replica:0/task:0/device:GPU:0 with 9755 MB memory) -> physical GPU (device: 0, name: TITAN Xp, pci bus id: 0000:01:00.0, compute capability: 6.1)
2019-04-22 12:16:46.402231: I tensorflow/core/common_runtime/gpu/gpu_device.cc:1511] Adding visible gpu devices: 0
2019-04-22 12:16:46.402246: I tensorflow/core/common_runtime/gpu/gpu_device.cc:982] Device interconnect StreamExecutor with strength 1 edge matrix:
2019-04-22 12:16:46.402250: I tensorflow/core/common_runtime/gpu/gpu_device.cc:988]      0 
2019-04-22 12:16:46.402254: I tensorflow/core/common_runtime/gpu/gpu_device.cc:1001] 0:   N 
2019-04-22 12:16:46.402432: I tensorflow/core/common_runtime/gpu/gpu_device.cc:1115] Created TensorFlow device (/job:localhost/replica:0/task:0/device:GPU:0 with 9755 MB memory) -> physical GPU (device: 0, name: TITAN Xp, pci bus id: 0000:01:00.0, compute capability: 6.1)
40
dim 6000 6000 3
image_size (6000, 6000, 6)
MAX time seen 64.0

 2_13
              precision    recall  f1-score   support

    imp surf       0.90      0.87      0.88   8882718
         car       0.95      0.77      0.85    421248
    building       0.91      0.91      0.91   6659996
  background       0.40      0.51      0.45    695120
     low veg       0.80      0.90      0.85  10948401
        tree       0.88      0.75      0.81   8392517

   micro avg       0.85      0.85      0.85  36000000
   macro avg       0.81      0.78      0.79  36000000
weighted avg       0.86      0.85      0.85  36000000


Accuracy 0.850641
dim 6000 6000 3
image_size (6000, 6000, 6)
MAX time seen 64.0

 2_14
              precision    recall  f1-score   support

    imp surf       0.91      0.87      0.89   5538723
         car       0.95      0.83      0.89    216918
    building       0.92      0.96      0.94   2479903
  background       0.19      0.33      0.24    129171
     low veg       0.81      0.94      0.87  14856280
        tree       0.94      0.77      0.84  12779005

   micro avg       0.87      0.87      0.87  36000000
   macro avg       0.79      0.78      0.78  36000000
weighted avg       0.88      0.87      0.87  36000000


Accuracy 0.8656334166666667
dim 6000 6000 3
image_size (6000, 6000, 6)
MAX time seen 64.0

 3_13
              precision    recall  f1-score   support

    imp surf       0.87      0.87      0.87   9036269
         car       0.94      0.82      0.88    617800
    building       0.92      0.97      0.95   8875720
  background       0.42      0.28      0.34    853840
     low veg       0.78      0.86      0.82   8306384
        tree       0.92      0.81      0.86   8309987

   micro avg       0.86      0.86      0.86  36000000
   macro avg       0.81      0.77      0.78  36000000
weighted avg       0.86      0.86      0.86  36000000


Accuracy 0.8638958055555556
dim 6000 6000 3
image_size (6000, 6000, 6)
MAX time seen 64.0

 3_14
              precision    recall  f1-score   support

    imp surf       0.85      0.86      0.86   7558153
         car       0.92      0.80      0.86    430255
    building       0.92      0.96      0.94   7905877
  background       0.57      0.32      0.41   1086985
     low veg       0.74      0.90      0.82   9741747
        tree       0.92      0.72      0.81   9276983

   micro avg       0.84      0.84      0.84  36000000
   macro avg       0.82      0.76      0.78  36000000
weighted avg       0.85      0.84      0.84  36000000


Accuracy 0.8414278055555555
dim 6000 6000 3
image_size (6000, 6000, 6)
MAX time seen 64.0

 4_13
              precision    recall  f1-score   support

    imp surf       0.82      0.92      0.87  10923638
         car       0.97      0.83      0.90    785854
    building       0.94      0.96      0.95  12002962
  background       0.71      0.13      0.21   2440666
     low veg       0.77      0.83      0.80   5230373
        tree       0.82      0.85      0.84   4616507

   micro avg       0.85      0.85      0.85  36000000
   macro avg       0.84      0.75      0.76  36000000
weighted avg       0.85      0.85      0.84  36000000


Accuracy 0.8548289722222222
dim 6000 6000 3
image_size (6000, 6000, 6)
MAX time seen 64.0

 4_14
              precision    recall  f1-score   support

    imp surf       0.74      0.88      0.80   9203255
         car       0.96      0.82      0.89    822665
    building       0.92      0.96      0.94   7290358
  background       0.66      0.37      0.47   3575672
     low veg       0.70      0.83      0.76   8304765
        tree       0.92      0.65      0.76   6803285

   micro avg       0.79      0.79      0.79  36000000
   macro avg       0.82      0.75      0.77  36000000
weighted avg       0.80      0.79      0.78  36000000


Accuracy 0.7898118333333334
dim 6000 6000 3
image_size (6000, 6000, 6)
MAX time seen 64.0

 4_15
              precision    recall  f1-score   support

    imp surf       0.87      0.90      0.88  12332933
         car       0.94      0.83      0.88    860844
    building       0.90      0.93      0.91  11205613
  background       0.47      0.29      0.36   1044193
     low veg       0.73      0.84      0.78   5921137
        tree       0.91      0.68      0.78   4635280

   micro avg       0.85      0.85      0.85  36000000
   macro avg       0.80      0.74      0.77  36000000
weighted avg       0.85      0.85      0.85  36000000


Accuracy 0.8502678611111111
dim 6000 6000 3
image_size (6000, 6000, 6)
MAX time seen 64.0

 5_13
              precision    recall  f1-score   support

    imp surf       0.90      0.89      0.90  12100202
         car       0.96      0.83      0.89    929932
    building       0.93      0.96      0.95  10352897
  background       0.60      0.26      0.37   1168524
     low veg       0.78      0.88      0.83   6951451
        tree       0.83      0.77      0.80   4496994

   micro avg       0.87      0.87      0.87  36000000
   macro avg       0.83      0.77      0.79  36000000
weighted avg       0.87      0.87      0.87  36000000


Accuracy 0.8727852777777778
dim 6000 6000 3
image_size (6000, 6000, 6)
MAX time seen 64.0

 5_14
              precision    recall  f1-score   support

    imp surf       0.85      0.92      0.89   9711803
         car       0.95      0.79      0.86    708623
    building       0.90      0.97      0.93   9065733
  background       0.75      0.39      0.52   2683186
     low veg       0.78      0.85      0.81   7491410
        tree       0.86      0.77      0.81   6339245

   micro avg       0.85      0.85      0.85  36000000
   macro avg       0.85      0.78      0.80  36000000
weighted avg       0.85      0.85      0.84  36000000


Accuracy 0.8483801111111111
dim 6000 6000 3
image_size (6000, 6000, 6)
MAX time seen 64.0

 5_15
              precision    recall  f1-score   support

    imp surf       0.87      0.88      0.88  14345203
         car       0.97      0.82      0.89    944771
    building       0.91      0.91      0.91   8882620
  background       0.64      0.38      0.48   2517515
     low veg       0.72      0.85      0.78   5138574
        tree       0.81      0.81      0.81   4171317

   micro avg       0.84      0.84      0.84  36000000
   macro avg       0.82      0.78      0.79  36000000
weighted avg       0.84      0.84      0.84  36000000


Accuracy 0.8396518333333334
dim 6000 6000 3
image_size (6000, 6000, 6)
MAX time seen 64.0

 6_13
              precision    recall  f1-score   support

    imp surf       0.91      0.83      0.87  13482601
         car       0.95      0.81      0.87    438354
    building       0.85      0.93      0.89   8615559
  background       0.42      0.20      0.28    734064
     low veg       0.83      0.95      0.89   8467509
        tree       0.85      0.77      0.81   4261913

   micro avg       0.86      0.86      0.86  36000000
   macro avg       0.80      0.75      0.77  36000000
weighted avg       0.86      0.86      0.86  36000000


Accuracy 0.8622952777777778
dim 6000 6000 3
image_size (6000, 6000, 6)
MAX time seen 64.0

 6_14
              precision    recall  f1-score   support

    imp surf       0.93      0.92      0.92  14146010
         car       0.94      0.89      0.91   1138907
    building       0.94      0.94      0.94  10875014
  background       0.55      0.25      0.34    838912
     low veg       0.79      0.91      0.84   5570444
        tree       0.85      0.81      0.83   3430713

   micro avg       0.90      0.90      0.90  36000000
   macro avg       0.83      0.78      0.80  36000000
weighted avg       0.89      0.90      0.89  36000000


Accuracy 0.8961200833333334
dim 6000 6000 3
image_size (6000, 6000, 6)
MAX time seen 64.0

 6_15
              precision    recall  f1-score   support

    imp surf       0.92      0.89      0.91  13544812
         car       0.93      0.89      0.91   1094763
    building       0.92      0.92      0.92   8303474
  background       0.69      0.54      0.60   2146246
     low veg       0.61      0.90      0.72   5329335
        tree       0.93      0.65      0.76   5581370

   micro avg       0.84      0.84      0.84  36000000
   macro avg       0.83      0.80      0.81  36000000
weighted avg       0.86      0.84      0.84  36000000


Accuracy 0.8416945833333334
dim 6000 6000 3
image_size (6000, 6000, 6)
MAX time seen 64.0

 7_13
              precision    recall  f1-score   support

    imp surf       0.93      0.89      0.91  17808201
         car       0.94      0.85      0.89    492189
    building       0.93      0.88      0.90   8038241
  background       0.53      0.28      0.36   3241642
     low veg       0.51      0.83      0.63   3626687
        tree       0.68      0.82      0.74   2793040

   micro avg       0.82      0.82      0.82  36000000
   macro avg       0.75      0.76      0.74  36000000
weighted avg       0.83      0.82      0.82  36000000


Accuracy 0.8213166666666667
Using TensorFlow backend.
[0.850641, 0.8656334166666667, 0.8638958055555556, 0.8414278055555555, 0.8548289722222222, 0.7898118333333334, 0.8502678611111111, 0.8727852777777778, 0.8483801111111111, 0.8396518333333334, 0.8622952777777778, 0.8961200833333334, 0.8416945833333334, 0.8213166666666667]
40  Accuracy all 0.8499107519841269
