nohup: ignoring input
              precision    recall  f1-score   support

    imp surf       0.92      0.86      0.89   1498719
         car       0.87      0.79      0.83     72697
    building       0.99      0.82      0.90   1438763
     low veg       0.56      0.93      0.70   1457797
        tree       0.92      0.55      0.69   1517510

   micro avg       0.79      0.79      0.79   5985486
   macro avg       0.85      0.79      0.80   5985486
weighted avg       0.85      0.79      0.79   5985486

2
0.7873888603197802 

              precision    recall  f1-score   support

    imp surf       0.87      0.81      0.84   1298251
         car       0.59      0.70      0.64     50193
    building       0.99      0.87      0.92   2679350
     low veg       0.23      0.83      0.36    182360
        tree       0.84      0.61      0.71    213797

   micro avg       0.83      0.83      0.83   4423951
   macro avg       0.70      0.76      0.69   4423951
weighted avg       0.91      0.83      0.86   4423951

4
0.8323541558213461 

              precision    recall  f1-score   support

    imp surf       0.90      0.82      0.86   1093763
         car       0.65      0.68      0.66     53971
    building       0.96      0.77      0.85   1506293
     low veg       0.34      0.92      0.50    426675
        tree       0.97      0.73      0.83   1302479

   micro avg       0.78      0.78      0.78   4383181
   macro avg       0.76      0.78      0.74   4383181
weighted avg       0.88      0.78      0.81   4383181

6
0.7817327187720516 

              precision    recall  f1-score   support

    imp surf       0.89      0.86      0.87   1371476
         car       0.65      0.71      0.68     55953
    building       0.98      0.81      0.89   1049855
     low veg       0.55      0.96      0.70    851622
        tree       0.98      0.60      0.74   1053827

   micro avg       0.80      0.80      0.80   4382733
   macro avg       0.81      0.79      0.78   4382733
weighted avg       0.86      0.80      0.81   4382733

8
0.8031301473304443 

              precision    recall  f1-score   support

    imp surf       0.96      0.76      0.85   1670514
         car       0.40      0.83      0.54     22890
    building       0.93      0.88      0.91   1048838
     low veg       0.51      0.93      0.66    734200
        tree       0.94      0.69      0.80    868702

   micro avg       0.81      0.81      0.81   4345144
   macro avg       0.75      0.82      0.75   4345144
weighted avg       0.87      0.81      0.82   4345144

10
0.8072855583152135 

              precision    recall  f1-score   support

    imp surf       0.77      0.83      0.80    644252
         car       0.38      0.94      0.55     16710
    building       0.94      0.80      0.86    877106
     low veg       0.70      0.88      0.78   1278111
        tree       0.92      0.77      0.84   1676652

   micro avg       0.81      0.81      0.81   4492831
   macro avg       0.74      0.84      0.76   4492831
weighted avg       0.84      0.81      0.82   4492831

12
0.8149144715214082 

              precision    recall  f1-score   support

    imp surf       0.92      0.77      0.84   1058310
         car       0.26      0.96      0.41      8968
    building       0.94      0.83      0.88    790477
     low veg       0.50      0.91      0.65   1128592
        tree       0.94      0.52      0.67   1534674

   micro avg       0.73      0.73      0.73   4521021
   macro avg       0.71      0.80      0.69   4521021
weighted avg       0.82      0.73      0.74   4521021

14
0.7304931784214229 

              precision    recall  f1-score   support

    imp surf       0.90      0.73      0.81    689663
         car       0.18      0.87      0.29      7258
    building       0.96      0.88      0.91    818792
     low veg       0.69      0.90      0.78   1357529
        tree       0.91      0.78      0.84   1680716

   micro avg       0.82      0.82      0.82   4553958
   macro avg       0.73      0.83      0.73   4553958
weighted avg       0.85      0.82      0.83   4553958

16
0.8246415535672486 

              precision    recall  f1-score   support

    imp surf       0.95      0.71      0.81    799362
         car       0.28      0.75      0.41     11796
    building       0.97      0.83      0.89    663838
     low veg       0.52      0.93      0.67    734587
        tree       0.97      0.80      0.88   1660537

   micro avg       0.81      0.81      0.81   3870120
   macro avg       0.74      0.80      0.73   3870120
weighted avg       0.88      0.81      0.83   3870120

20
0.8118776678759315 

              precision    recall  f1-score   support

    imp surf       0.95      0.84      0.89   1414467
         car       0.55      0.72      0.62     35373
    building       0.95      0.87      0.91    791989
     low veg       0.58      0.94      0.71    851926
        tree       0.96      0.73      0.83   1252092

   micro avg       0.83      0.83      0.83   4345847
   macro avg       0.80      0.82      0.79   4345847
weighted avg       0.88      0.83      0.84   4345847

22
0.8317789374545399 

              precision    recall  f1-score   support

    imp surf       0.91      0.64      0.75    641585
         car       0.34      0.75      0.47     12124
    building       0.93      0.83      0.88    856780
     low veg       0.71      0.97      0.82   1872573
        tree       0.95      0.60      0.74   1118305

   micro avg       0.80      0.80      0.80   4501367
   macro avg       0.77      0.76      0.73   4501367
weighted avg       0.84      0.80      0.80   4501367

24
0.8035912201782258 

              precision    recall  f1-score   support

    imp surf       0.86      0.92      0.89   1823189
         car       0.81      0.81      0.81    140573
    building       0.98      0.81      0.89   2089726
     low veg       0.66      0.91      0.76   1085078
        tree       0.86      0.54      0.67    560050

   micro avg       0.84      0.84      0.84   5698616
   macro avg       0.83      0.80      0.80   5698616
weighted avg       0.86      0.84      0.84   5698616

27
0.8395912270628517 

              precision    recall  f1-score   support

    imp surf       0.97      0.90      0.94   1955649
         car       0.52      0.87      0.65     46264
    building       0.95      0.93      0.94   1274014
     low veg       0.66      0.83      0.74    620772
        tree       0.78      0.73      0.76    482471

   micro avg       0.88      0.88      0.88   4379170
   macro avg       0.78      0.85      0.80   4379170
weighted avg       0.89      0.88      0.89   4379170

29
0.8816618217607446 

              precision    recall  f1-score   support

    imp surf       0.80      0.82      0.81   1811328
         car       0.52      0.62      0.57    133564
    building       0.80      0.71      0.75   1348800
     low veg       0.80      0.94      0.86    695698
        tree       0.94      0.85      0.89    508706

   micro avg       0.80      0.80      0.80   4498096
   macro avg       0.77      0.79      0.78   4498096
weighted avg       0.81      0.80      0.80   4498096

31
0.8036413629233347 

              precision    recall  f1-score   support

    imp surf       0.88      0.92      0.90   1435619
         car       0.58      0.73      0.64     37022
    building       0.88      0.69      0.77   1123011
     low veg       0.56      0.82      0.67    564795
        tree       0.79      0.58      0.67    382272

   micro avg       0.79      0.79      0.79   3542719
   macro avg       0.74      0.75      0.73   3542719
weighted avg       0.82      0.79      0.80   3542719

33
0.7937671601953189 

              precision    recall  f1-score   support

    imp surf       0.76      0.84      0.80   1132396
         car       0.33      0.78      0.46     26868
    building       0.96      0.73      0.83   1296152
     low veg       0.58      0.92      0.72   1125392
        tree       0.89      0.47      0.62   1049703

   micro avg       0.74      0.74      0.74   4630511
   macro avg       0.70      0.75      0.68   4630511
weighted avg       0.80      0.74      0.74   4630511

35
0.7449249121749197 

              precision    recall  f1-score   support

    imp surf       0.89      0.85      0.87   2333125
         car       0.63      0.73      0.68     63209
    building       0.93      0.77      0.84   2295624
     low veg       0.67      0.92      0.78   2403078
        tree       0.90      0.66      0.76   1649605

   micro avg       0.81      0.81      0.81   8744641
   macro avg       0.80      0.79      0.78   8744641
weighted avg       0.84      0.81      0.81   8744641

38
0.8130888392102089 

PRECISION
i_s 0.8878954404596129
car 0.5024082126090121
building 0.942556010810577
low veg 0.5777916288654553
tree 0.9098688057695679
macro 0.764104019702845
RECALL
i_s 0.8163386306459586
car 0.7779273981791306
building 0.8129677653376932
low veg 0.9087361369896483
tree 0.6601660054211873
macro 0.7952271873147236
F1 - SCORE
i_s 0.8473145224922717
car 0.5828061313406456
building 0.8720448281757976
low veg 0.6969620641451157
tree 0.7604383859070721
macro 0.7519131864121805
 Accuracy all 0.8062272819355878
