nohup: ignoring input
Unable to init server: Could not connect: Connection refused
Unable to init server: Could not connect: Connection refused

(predict.py:10735): Gdk-CRITICAL **: 12:19:18.936: gdk_cursor_new_for_display: assertion 'GDK_IS_DISPLAY (display)' failed

(predict.py:10735): Gdk-CRITICAL **: 12:19:18.936: gdk_cursor_new_for_display: assertion 'GDK_IS_DISPLAY (display)' failed
2019-04-26 12:19:20.825798: I tensorflow/core/platform/cpu_feature_guard.cc:141] Your CPU supports instructions that this TensorFlow binary was not compiled to use: AVX2 FMA
2019-04-26 12:19:20.917672: I tensorflow/stream_executor/cuda/cuda_gpu_executor.cc:964] successful NUMA node read from SysFS had negative value (-1), but there must be at least one NUMA node, so returning NUMA node zero
2019-04-26 12:19:20.918059: I tensorflow/core/common_runtime/gpu/gpu_device.cc:1432] Found device 0 with properties: 
name: TITAN Xp major: 6 minor: 1 memoryClockRate(GHz): 1.582
pciBusID: 0000:01:00.0
totalMemory: 11,91GiB freeMemory: 11,72GiB
2019-04-26 12:19:20.918070: I tensorflow/core/common_runtime/gpu/gpu_device.cc:1511] Adding visible gpu devices: 0
2019-04-26 12:19:21.395217: I tensorflow/core/common_runtime/gpu/gpu_device.cc:982] Device interconnect StreamExecutor with strength 1 edge matrix:
2019-04-26 12:19:21.395244: I tensorflow/core/common_runtime/gpu/gpu_device.cc:988]      0 
2019-04-26 12:19:21.395249: I tensorflow/core/common_runtime/gpu/gpu_device.cc:1001] 0:   N 
2019-04-26 12:19:21.395436: I tensorflow/core/common_runtime/gpu/gpu_device.cc:1115] Created TensorFlow device (/job:localhost/replica:0/task:0/device:GPU:0 with 12194 MB memory) -> physical GPU (device: 0, name: TITAN Xp, pci bus id: 0000:01:00.0, compute capability: 6.1)
2019-04-26 12:19:23.668396: I tensorflow/core/common_runtime/gpu/gpu_device.cc:1511] Adding visible gpu devices: 0
2019-04-26 12:19:23.668533: I tensorflow/core/common_runtime/gpu/gpu_device.cc:982] Device interconnect StreamExecutor with strength 1 edge matrix:
2019-04-26 12:19:23.668543: I tensorflow/core/common_runtime/gpu/gpu_device.cc:988]      0 
2019-04-26 12:19:23.668548: I tensorflow/core/common_runtime/gpu/gpu_device.cc:1001] 0:   N 
2019-04-26 12:19:23.668788: I tensorflow/core/common_runtime/gpu/gpu_device.cc:1115] Created TensorFlow device (/job:localhost/replica:0/task:0/device:GPU:0 with 12194 MB memory) -> physical GPU (device: 0, name: TITAN Xp, pci bus id: 0000:01:00.0, compute capability: 6.1)
2019-04-26 12:19:23.691538: E tensorflow/stream_executor/cuda/cuda_driver.cc:806] failed to allocate 11,91G (12786401280 bytes) from device: CUDA_ERROR_OUT_OF_MEMORY: out of memory
tf.estimator package not installed.
tf.estimator package not installed.
40
dim 6000 6000 3
MAX time seen 64.0
(6, 6000, 6000)

 2_13
              precision    recall  f1-score   support

    imp surf       0.79      0.42      0.55   8882718
         car       0.95      0.10      0.17    421248
    building       0.51      0.84      0.63   6659996
  background       0.02      0.70      0.05    695120
     low veg       0.64      0.00      0.00  10948401
        tree       0.95      0.01      0.02   8392517

   micro avg       0.28      0.28      0.28  36000000
   macro avg       0.64      0.34      0.24  36000000
weighted avg       0.72      0.28      0.26  36000000


Accuracy 0.2776651388888889
dim 6000 6000 3
MAX time seen 64.0
(6, 6000, 6000)

 2_14
              precision    recall  f1-score   support

    imp surf       0.78      0.43      0.56   5538723
         car       0.96      0.16      0.28    216918
    building       0.40      0.80      0.54   2479903
  background       0.00      0.64      0.01    129171
     low veg       0.86      0.00      0.00  14856280
        tree       0.99      0.01      0.02  12779005

   micro avg       0.13      0.13      0.13  36000000
   macro avg       0.67      0.34      0.23  36000000
weighted avg       0.86      0.13      0.13  36000000


Accuracy 0.12804566666666667
dim 6000 6000 3
MAX time seen 64.0
(6, 6000, 6000)

 3_13
              precision    recall  f1-score   support

    imp surf       0.78      0.40      0.53   9036269
         car       0.96      0.12      0.21    617800
    building       0.55      0.92      0.69   8875720
  background       0.03      0.49      0.05    853840
     low veg       0.69      0.00      0.00   8306384
        tree       0.93      0.00      0.01   8309987

   micro avg       0.34      0.34      0.34  36000000
   macro avg       0.66      0.32      0.25  36000000
weighted avg       0.72      0.34      0.31  36000000


Accuracy 0.3411239166666667
dim 6000 6000 3
MAX time seen 64.0
(6, 6000, 6000)

 3_14
              precision    recall  f1-score   support

    imp surf       0.68      0.34      0.46   7558153
         car       0.95      0.11      0.20    430255
    building       0.55      0.86      0.67   7905877
  background       0.02      0.40      0.04   1086985
     low veg       0.88      0.00      0.00   9741747
        tree       0.84      0.00      0.01   9276983

   micro avg       0.28      0.28      0.28  36000000
   macro avg       0.65      0.29      0.23  36000000
weighted avg       0.73      0.28      0.25  36000000


Accuracy 0.27583955555555556
dim 6000 6000 3
MAX time seen 64.0
(6, 6000, 6000)

 4_13
              precision    recall  f1-score   support

    imp surf       0.73      0.46      0.57  10923638
         car       0.97      0.10      0.18    785854
    building       0.57      0.86      0.69  12002962
  background       0.11      0.52      0.19   2440666
     low veg       0.87      0.00      0.00   5230373
        tree       0.85      0.00      0.00   4616507

   micro avg       0.47      0.47      0.47  36000000
   macro avg       0.69      0.32      0.27  36000000
weighted avg       0.68      0.47      0.42  36000000


Accuracy 0.4657463333333333
dim 6000 6000 3
MAX time seen 64.0
(6, 6000, 6000)

 4_14
              precision    recall  f1-score   support

    imp surf       0.72      0.59      0.65   9203255
         car       0.97      0.14      0.24    822665
    building       0.48      0.86      0.62   7290358
  background       0.07      0.32      0.12   3575672
     low veg       0.76      0.00      0.00   8304765
        tree       0.90      0.00      0.01   6803285

   micro avg       0.36      0.36      0.36  36000000
   macro avg       0.65      0.32      0.27  36000000
weighted avg       0.66      0.36      0.31  36000000


Accuracy 0.3595718888888889
dim 6000 6000 3
MAX time seen 64.0
(6, 6000, 6000)

 4_15
              precision    recall  f1-score   support

    imp surf       0.75      0.41      0.53  12332933
         car       0.96      0.15      0.26    860844
    building       0.51      0.83      0.63  11205613
  background       0.06      0.59      0.10   1044193
     low veg       0.78      0.00      0.00   5921137
        tree       0.91      0.01      0.01   4635280

   micro avg       0.42      0.42      0.42  36000000
   macro avg       0.66      0.33      0.26  36000000
weighted avg       0.69      0.42      0.39  36000000


Accuracy 0.42070847222222224
