nohup: ignoring input
2019-04-17 15:50:22.371828: I tensorflow/core/platform/cpu_feature_guard.cc:141] Your CPU supports instructions that this TensorFlow binary was not compiled to use: AVX2 FMA
2019-04-17 15:50:22.449973: I tensorflow/stream_executor/cuda/cuda_gpu_executor.cc:964] successful NUMA node read from SysFS had negative value (-1), but there must be at least one NUMA node, so returning NUMA node zero
2019-04-17 15:50:22.450378: I tensorflow/core/common_runtime/gpu/gpu_device.cc:1432] Found device 0 with properties: 
name: TITAN Xp major: 6 minor: 1 memoryClockRate(GHz): 1.582
pciBusID: 0000:01:00.0
totalMemory: 11.91GiB freeMemory: 11.72GiB
2019-04-17 15:50:22.450390: I tensorflow/core/common_runtime/gpu/gpu_device.cc:1511] Adding visible gpu devices: 0
2019-04-17 15:50:22.613017: I tensorflow/core/common_runtime/gpu/gpu_device.cc:982] Device interconnect StreamExecutor with strength 1 edge matrix:
2019-04-17 15:50:22.613046: I tensorflow/core/common_runtime/gpu/gpu_device.cc:988]      0 
2019-04-17 15:50:22.613051: I tensorflow/core/common_runtime/gpu/gpu_device.cc:1001] 0:   N 
2019-04-17 15:50:22.613228: I tensorflow/core/common_runtime/gpu/gpu_device.cc:1115] Created TensorFlow device (/job:localhost/replica:0/task:0/device:GPU:0 with 11343 MB memory) -> physical GPU (device: 0, name: TITAN Xp, pci bus id: 0000:01:00.0, compute capability: 6.1)
2019-04-17 15:50:22.636072: I tensorflow/core/common_runtime/gpu/gpu_device.cc:1511] Adding visible gpu devices: 0
2019-04-17 15:50:22.636091: I tensorflow/core/common_runtime/gpu/gpu_device.cc:982] Device interconnect StreamExecutor with strength 1 edge matrix:
2019-04-17 15:50:22.636108: I tensorflow/core/common_runtime/gpu/gpu_device.cc:988]      0 
2019-04-17 15:50:22.636111: I tensorflow/core/common_runtime/gpu/gpu_device.cc:1001] 0:   N 
2019-04-17 15:50:22.636272: I tensorflow/core/common_runtime/gpu/gpu_device.cc:1115] Created TensorFlow device (/job:localhost/replica:0/task:0/device:GPU:0 with 11343 MB memory) -> physical GPU (device: 0, name: TITAN Xp, pci bus id: 0000:01:00.0, compute capability: 6.1)
2019-04-17 15:50:38.524718: W tensorflow/core/common_runtime/bfc_allocator.cc:211] Allocator (GPU_0_bfc) ran out of memory trying to allocate 843.89MiB. The caller indicates that this is not a failure, but may mean that there could be performance gains if more memory were available.
2019-04-17 15:50:38.567970: W tensorflow/core/common_runtime/bfc_allocator.cc:211] Allocator (GPU_0_bfc) ran out of memory trying to allocate 900.14MiB. The caller indicates that this is not a failure, but may mean that there could be performance gains if more memory were available.
2019-04-17 15:50:38.613815: W tensorflow/core/common_runtime/bfc_allocator.cc:211] Allocator (GPU_0_bfc) ran out of memory trying to allocate 1.24GiB. The caller indicates that this is not a failure, but may mean that there could be performance gains if more memory were available.
2019-04-17 15:50:38.682508: W tensorflow/core/common_runtime/bfc_allocator.cc:211] Allocator (GPU_0_bfc) ran out of memory trying to allocate 1.32GiB. The caller indicates that this is not a failure, but may mean that there could be performance gains if more memory were available.
2019-04-17 15:50:38.738319: W tensorflow/core/common_runtime/bfc_allocator.cc:211] Allocator (GPU_0_bfc) ran out of memory trying to allocate 2.11GiB. The caller indicates that this is not a failure, but may mean that there could be performance gains if more memory were available.
2019-04-17 15:50:38.762892: W tensorflow/core/common_runtime/bfc_allocator.cc:211] Allocator (GPU_0_bfc) ran out of memory trying to allocate 2.49GiB. The caller indicates that this is not a failure, but may mean that there could be performance gains if more memory were available.
2019-04-17 15:50:38.888976: W tensorflow/core/common_runtime/bfc_allocator.cc:211] Allocator (GPU_0_bfc) ran out of memory trying to allocate 2.08GiB. The caller indicates that this is not a failure, but may mean that there could be performance gains if more memory were available.
2019-04-17 15:50:38.904221: W tensorflow/core/common_runtime/bfc_allocator.cc:211] Allocator (GPU_0_bfc) ran out of memory trying to allocate 2.27GiB. The caller indicates that this is not a failure, but may mean that there could be performance gains if more memory were available.
2019-04-17 15:50:38.994024: W tensorflow/core/common_runtime/bfc_allocator.cc:211] Allocator (GPU_0_bfc) ran out of memory trying to allocate 2.08GiB. The caller indicates that this is not a failure, but may mean that there could be performance gains if more memory were available.
2019-04-17 15:50:39.007452: W tensorflow/core/common_runtime/bfc_allocator.cc:211] Allocator (GPU_0_bfc) ran out of memory trying to allocate 2.19GiB. The caller indicates that this is not a failure, but may mean that there could be performance gains if more memory were available.
start train net
Epoch 1/50

   1/4000 [..............................] - ETA: 7:51:25 - loss: 0.6064 - output1_loss: 0.6463 - output2_loss: 0.2475
   2/4000 [..............................] - ETA: 4:23:59 - loss: 0.5650 - output1_loss: 0.6003 - output2_loss: 0.2474
   3/4000 [..............................] - ETA: 3:13:29 - loss: 0.5170 - output1_loss: 0.5474 - output2_loss: 0.2436
   4/4000 [..............................] - ETA: 2:38:16 - loss: 0.4856 - output1_loss: 0.5131 - output2_loss: 0.2374
   5/4000 [..............................] - ETA: 2:17:10 - loss: 0.4973 - output1_loss: 0.5266 - output2_loss: 0.2329
   6/4000 [..............................] - ETA: 2:03:02 - loss: 0.4968 - output1_loss: 0.5259 - output2_loss: 0.2349
   7/4000 [..............................] - ETA: 1:52:57 - loss: 0.4768 - output1_loss: 0.5041 - output2_loss: 0.2319
   8/4000 [..............................] - ETA: 1:45:23 - loss: 0.4587 - output1_loss: 0.4842 - output2_loss: 0.2292
   9/4000 [..............................] - ETA: 1:39:30 - loss: 0.4578 - output1_loss: 0.4833 - output2_loss: 0.2279
  10/4000 [..............................] - ETA: 1:34:45 - loss: 0.4563 - output1_loss: 0.4819 - output2_loss: 0.2259
  11/4000 [..............................] - ETA: 1:30:54 - loss: 0.4475 - output1_loss: 0.4723 - output2_loss: 0.2238
  12/4000 [..............................] - ETA: 1:27:42 - loss: 0.4396 - output1_loss: 0.4637 - output2_loss: 0.2221
  13/4000 [..............................] - ETA: 1:24:59 - loss: 0.4292 - output1_loss: 0.4524 - output2_loss: 0.2204
  14/4000 [..............................] - ETA: 1:22:39 - loss: 0.4291 - output1_loss: 0.4524 - output2_loss: 0.2192
  15/4000 [..............................] - ETA: 1:20:36 - loss: 0.4203 - output1_loss: 0.4428 - output2_loss: 0.2181
  16/4000 [..............................] - ETA: 1:18:51 - loss: 0.4119 - output1_loss: 0.4336 - output2_loss: 0.2165
  17/4000 [..............................] - ETA: 1:17:16 - loss: 0.4105 - output1_loss: 0.4321 - output2_loss: 0.2155
  18/4000 [..............................] - ETA: 1:15:52 - loss: 0.4042 - output1_loss: 0.4252 - output2_loss: 0.2150
  19/4000 [..............................] - ETA: 1:14:37 - loss: 0.3996 - output1_loss: 0.4202 - output2_loss: 0.2137
  20/4000 [..............................] - ETA: 1:13:30 - loss: 0.3999 - output1_loss: 0.4206 - output2_loss: 0.2137
  21/4000 [..............................] - ETA: 1:12:29 - loss: 0.3993 - output1_loss: 0.4199 - output2_loss: 0.2135
  22/4000 [..............................] - ETA: 1:11:33 - loss: 0.3953 - output1_loss: 0.4156 - output2_loss: 0.2129
  23/4000 [..............................] - ETA: 1:10:42 - loss: 0.3920 - output1_loss: 0.4119 - output2_loss: 0.2125
  24/4000 [..............................] - ETA: 1:09:55 - loss: 0.3885 - output1_loss: 0.4082 - output2_loss: 0.2121
  25/4000 [..............................] - ETA: 1:09:12 - loss: 0.3848 - output1_loss: 0.4040 - output2_loss: 0.2117
  26/4000 [..............................] - ETA: 1:08:32 - loss: 0.3852 - output1_loss: 0.4045 - output2_loss: 0.2115
  27/4000 [..............................] - ETA: 1:07:56 - loss: 0.3833 - output1_loss: 0.4024 - output2_loss: 0.2112
  28/4000 [..............................] - ETA: 1:07:22 - loss: 0.3821 - output1_loss: 0.4012 - output2_loss: 0.2106
  29/4000 [..............................] - ETA: 1:06:50 - loss: 0.3809 - output1_loss: 0.3999 - output2_loss: 0.2104
  30/4000 [..............................] - ETA: 1:06:20 - loss: 0.3780 - output1_loss: 0.3967 - output2_loss: 0.2101
  31/4000 [..............................] - ETA: 1:05:52 - loss: 0.3744 - output1_loss: 0.3926 - output2_loss: 0.2100
  32/4000 [..............................] - ETA: 1:05:26 - loss: 0.3725 - output1_loss: 0.3906 - output2_loss: 0.2094
  33/4000 [..............................] - ETA: 1:05:02 - loss: 0.3723 - output1_loss: 0.3903 - output2_loss: 0.2096
  34/4000 [..............................] - ETA: 1:04:39 - loss: 0.3718 - output1_loss: 0.3898 - output2_loss: 0.2093
  35/4000 [..............................] - ETA: 1:04:17 - loss: 0.3713 - output1_loss: 0.3893 - output2_loss: 0.2092
  36/4000 [..............................] - ETA: 1:03:56 - loss: 0.3695 - output1_loss: 0.3874 - output2_loss: 0.2085
  37/4000 [..............................] - ETA: 1:03:36 - loss: 0.3688 - output1_loss: 0.3867 - output2_loss: 0.2080
  38/4000 [..............................] - ETA: 1:03:18 - loss: 0.3666 - output1_loss: 0.3843 - output2_loss: 0.2077
  39/4000 [..............................] - ETA: 1:03:00 - loss: 0.3657 - output1_loss: 0.3832 - output2_loss: 0.2083
  40/4000 [..............................] - ETA: 1:02:43 - loss: 0.3631 - output1_loss: 0.3803 - output2_loss: 0.2080
  41/4000 [..............................] - ETA: 1:02:27 - loss: 0.3617 - output1_loss: 0.3789 - output2_loss: 0.2076
  42/4000 [..............................] - ETA: 1:02:11 - loss: 0.3605 - output1_loss: 0.3775 - output2_loss: 0.2071
  43/4000 [..............................] - ETA: 1:01:56 - loss: 0.3590 - output1_loss: 0.3759 - output2_loss: 0.2066
  44/4000 [..............................] - ETA: 1:01:42 - loss: 0.3576 - output1_loss: 0.3744 - output2_loss: 0.2065
  45/4000 [..............................] - ETA: 1:01:28 - loss: 0.3582 - output1_loss: 0.3750 - output2_loss: 0.2065
  46/4000 [..............................] - ETA: 1:01:15 - loss: 0.3572 - output1_loss: 0.3741 - output2_loss: 0.2060
  47/4000 [..............................] - ETA: 1:01:03 - loss: 0.3562 - output1_loss: 0.3729 - output2_loss: 0.2059
  48/4000 [..............................] - ETA: 1:00:51 - loss: 0.3557 - output1_loss: 0.3724 - output2_loss: 0.2058
  49/4000 [..............................] - ETA: 1:00:40 - loss: 0.3548 - output1_loss: 0.3714 - output2_loss: 0.2055
  50/4000 [..............................] - ETA: 1:00:29 - loss: 0.3536 - output1_loss: 0.3701 - output2_loss: 0.2051
  51/4000 [..............................] - ETA: 1:00:18 - loss: 0.3520 - output1_loss: 0.3684 - output2_loss: 0.2047
  52/4000 [..............................] - ETA: 1:00:08 - loss: 0.3515 - output1_loss: 0.3678 - output2_loss: 0.2046
  53/4000 [..............................] - ETA: 59:58 - loss: 0.3509 - output1_loss: 0.3672 - output2_loss: 0.2047  
  54/4000 [..............................] - ETA: 59:48 - loss: 0.3497 - output1_loss: 0.3659 - output2_loss: 0.2044
  55/4000 [..............................] - ETA: 59:39 - loss: 0.3485 - output1_loss: 0.3646 - output2_loss: 0.2041
  56/4000 [..............................] - ETA: 59:30 - loss: 0.3470 - output1_loss: 0.3629 - output2_loss: 0.2040
  57/4000 [..............................] - ETA: 59:22 - loss: 0.3460 - output1_loss: 0.3618 - output2_loss: 0.2039
  58/4000 [..............................] - ETA: 59:13 - loss: 0.3455 - output1_loss: 0.3613 - output2_loss: 0.2040
  59/4000 [..............................] - ETA: 59:05 - loss: 0.3442 - output1_loss: 0.3598 - output2_loss: 0.2037
  60/4000 [..............................] - ETA: 58:57 - loss: 0.3429 - output1_loss: 0.3584 - output2_loss: 0.2034
  61/4000 [..............................] - ETA: 58:50 - loss: 0.3417 - output1_loss: 0.3571 - output2_loss: 0.2032
  62/4000 [..............................] - ETA: 58:43 - loss: 0.3410 - output1_loss: 0.3564 - output2_loss: 0.2030
  63/4000 [..............................] - ETA: 58:36 - loss: 0.3399 - output1_loss: 0.3551 - output2_loss: 0.2028
  64/4000 [..............................] - ETA: 58:29 - loss: 0.3385 - output1_loss: 0.3536 - output2_loss: 0.2027
  65/4000 [..............................] - ETA: 58:22 - loss: 0.3377 - output1_loss: 0.3527 - output2_loss: 0.2026
  66/4000 [..............................] - ETA: 58:15 - loss: 0.3373 - output1_loss: 0.3522 - output2_loss: 0.2026
  67/4000 [..............................] - ETA: 58:09 - loss: 0.3369 - output1_loss: 0.3518 - output2_loss: 0.2025
  68/4000 [..............................] - ETA: 58:02 - loss: 0.3377 - output1_loss: 0.3527 - output2_loss: 0.2031
  69/4000 [..............................] - ETA: 57:56 - loss: 0.3375 - output1_loss: 0.3524 - output2_loss: 0.2035
  70/4000 [..............................] - ETA: 57:50 - loss: 0.3379 - output1_loss: 0.3528 - output2_loss: 0.2036
  71/4000 [..............................] - ETA: 57:44 - loss: 0.3369 - output1_loss: 0.3518 - output2_loss: 0.2036
  72/4000 [..............................] - ETA: 57:39 - loss: 0.3361 - output1_loss: 0.3508 - output2_loss: 0.2035
  73/4000 [..............................] - ETA: 57:33 - loss: 0.3353 - output1_loss: 0.3500 - output2_loss: 0.2033
  74/4000 [..............................] - ETA: 57:28 - loss: 0.3355 - output1_loss: 0.3502 - output2_loss: 0.2032
  75/4000 [..............................] - ETA: 57:23 - loss: 0.3350 - output1_loss: 0.3497 - output2_loss: 0.2032
  76/4000 [..............................] - ETA: 57:17 - loss: 0.3348 - output1_loss: 0.3494 - output2_loss: 0.2030
  77/4000 [..............................] - ETA: 57:12 - loss: 0.3340 - output1_loss: 0.3485 - output2_loss: 0.2035
  78/4000 [..............................] - ETA: 57:07 - loss: 0.3336 - output1_loss: 0.3481 - output2_loss: 0.2034
  79/4000 [..............................] - ETA: 57:03 - loss: 0.3330 - output1_loss: 0.3474 - output2_loss: 0.2034
  80/4000 [..............................] - ETA: 56:58 - loss: 0.3324 - output1_loss: 0.3467 - output2_loss: 0.2034
  81/4000 [..............................] - ETA: 56:53 - loss: 0.3316 - output1_loss: 0.3458 - output2_loss: 0.2032
  82/4000 [..............................] - ETA: 56:49 - loss: 0.3307 - output1_loss: 0.3449 - output2_loss: 0.2032
  83/4000 [..............................] - ETA: 56:44 - loss: 0.3302 - output1_loss: 0.3443 - output2_loss: 0.2030
  84/4000 [..............................] - ETA: 56:40 - loss: 0.3298 - output1_loss: 0.3438 - output2_loss: 0.2029
  85/4000 [..............................] - ETA: 56:36 - loss: 0.3290 - output1_loss: 0.3430 - output2_loss: 0.2028
  86/4000 [..............................] - ETA: 56:32 - loss: 0.3284 - output1_loss: 0.3424 - output2_loss: 0.2026
  87/4000 [..............................] - ETA: 56:28 - loss: 0.3278 - output1_loss: 0.3417 - output2_loss: 0.2025
  88/4000 [..............................] - ETA: 56:24 - loss: 0.3272 - output1_loss: 0.3411 - output2_loss: 0.2023
  89/4000 [..............................] - ETA: 56:20 - loss: 0.3268 - output1_loss: 0.3407 - output2_loss: 0.2021
  90/4000 [..............................] - ETA: 56:16 - loss: 0.3260 - output1_loss: 0.3398 - output2_loss: 0.2020
  91/4000 [..............................] - ETA: 56:12 - loss: 0.3264 - output1_loss: 0.3403 - output2_loss: 0.2020
  92/4000 [..............................] - ETA: 56:09 - loss: 0.3265 - output1_loss: 0.3403 - output2_loss: 0.2020
  93/4000 [..............................] - ETA: 56:05 - loss: 0.3260 - output1_loss: 0.3398 - output2_loss: 0.2018
  94/4000 [..............................] - ETA: 56:01 - loss: 0.3255 - output1_loss: 0.3393 - output2_loss: 0.2017
  95/4000 [..............................] - ETA: 55:58 - loss: 0.3251 - output1_loss: 0.3388 - output2_loss: 0.2016
  96/4000 [..............................] - ETA: 55:54 - loss: 0.3244 - output1_loss: 0.3381 - output2_loss: 0.2015
  97/4000 [..............................] - ETA: 55:51 - loss: 0.3239 - output1_loss: 0.3375 - output2_loss: 0.2014
  98/4000 [..............................] - ETA: 55:47 - loss: 0.3235 - output1_loss: 0.3371 - output2_loss: 0.2015
  99/4000 [..............................] - ETA: 55:44 - loss: 0.3232 - output1_loss: 0.3367 - output2_loss: 0.2015
 100/4000 [..............................] - ETA: 55:41 - loss: 0.3228 - output1_loss: 0.3363 - output2_loss: 0.2014
 101/4000 [..............................] - ETA: 55:37 - loss: 0.3225 - output1_loss: 0.3359 - output2_loss: 0.2017
 102/4000 [..............................] - ETA: 55:34 - loss: 0.3221 - output1_loss: 0.3355 - output2_loss: 0.2016
 103/4000 [..............................] - ETA: 55:31 - loss: 0.3216 - output1_loss: 0.3350 - output2_loss: 0.2016
 104/4000 [..............................] - ETA: 55:28 - loss: 0.3213 - output1_loss: 0.3346 - output2_loss: 0.2015
 105/4000 [..............................] - ETA: 55:25 - loss: 0.3212 - output1_loss: 0.3344 - output2_loss: 0.2020
 106/4000 [..............................] - ETA: 55:22 - loss: 0.3208 - output1_loss: 0.3340 - output2_loss: 0.2018
 107/4000 [..............................] - ETA: 55:19 - loss: 0.3209 - output1_loss: 0.3342 - output2_loss: 0.2016
 108/4000 [..............................] - ETA: 55:16 - loss: 0.3205 - output1_loss: 0.3337 - output2_loss: 0.2015
 109/4000 [..............................] - ETA: 55:13 - loss: 0.3200 - output1_loss: 0.3332 - output2_loss: 0.2014
 110/4000 [..............................] - ETA: 55:10 - loss: 0.3197 - output1_loss: 0.3329 - output2_loss: 0.2012
 111/4000 [..............................] - ETA: 55:07 - loss: 0.3194 - output1_loss: 0.3325 - output2_loss: 0.2015
 112/4000 [..............................] - ETA: 55:05 - loss: 0.3194 - output1_loss: 0.3325 - output2_loss: 0.2015
 113/4000 [..............................] - ETA: 55:02 - loss: 0.3191 - output1_loss: 0.3321 - output2_loss: 0.2015
 114/4000 [..............................] - ETA: 54:59 - loss: 0.3186 - output1_loss: 0.3317 - output2_loss: 0.2015
 115/4000 [..............................] - ETA: 54:56 - loss: 0.3184 - output1_loss: 0.3314 - output2_loss: 0.2015
 116/4000 [..............................] - ETA: 54:54 - loss: 0.3178 - output1_loss: 0.3308 - output2_loss: 0.2015
 117/4000 [..............................] - ETA: 54:51 - loss: 0.3174 - output1_loss: 0.3303 - output2_loss: 0.2014
 118/4000 [..............................] - ETA: 54:49 - loss: 0.3171 - output1_loss: 0.3300 - output2_loss: 0.2013
 119/4000 [..............................] - ETA: 54:46 - loss: 0.3166 - output1_loss: 0.3294 - output2_loss: 0.2012
 120/4000 [..............................] - ETA: 54:44 - loss: 0.3161 - output1_loss: 0.3289 - output2_loss: 0.2011
 121/4000 [..............................] - ETA: 54:41 - loss: 0.3159 - output1_loss: 0.3287 - output2_loss: 0.2010
 122/4000 [..............................] - ETA: 54:39 - loss: 0.3154 - output1_loss: 0.3281 - output2_loss: 0.2010
 123/4000 [..............................] - ETA: 54:36 - loss: 0.3149 - output1_loss: 0.3275 - output2_loss: 0.2010
 124/4000 [..............................] - ETA: 54:34 - loss: 0.3145 - output1_loss: 0.3271 - output2_loss: 0.2009
 125/4000 [..............................] - ETA: 54:31 - loss: 0.3145 - output1_loss: 0.3272 - output2_loss: 0.2009
 126/4000 [..............................] - ETA: 54:29 - loss: 0.3148 - output1_loss: 0.3274 - output2_loss: 0.2009
 127/4000 [..............................] - ETA: 54:27 - loss: 0.3142 - output1_loss: 0.3268 - output2_loss: 0.2008
 128/4000 [..............................] - ETA: 54:24 - loss: 0.3138 - output1_loss: 0.3264 - output2_loss: 0.2007
 129/4000 [..............................] - ETA: 54:22 - loss: 0.3135 - output1_loss: 0.3260 - output2_loss: 0.2007
 130/4000 [..............................] - ETA: 54:20 - loss: 0.3131 - output1_loss: 0.3256 - output2_loss: 0.2006
 131/4000 [..............................] - ETA: 54:18 - loss: 0.3126 - output1_loss: 0.3250 - output2_loss: 0.2006
 132/4000 [..............................] - ETA: 54:15 - loss: 0.3122 - output1_loss: 0.3246 - output2_loss: 0.2005
 133/4000 [..............................] - ETA: 54:13 - loss: 0.3121 - output1_loss: 0.3245 - output2_loss: 0.2005
 134/4000 [>.............................] - ETA: 54:11 - loss: 0.3118 - output1_loss: 0.3242 - output2_loss: 0.2004
 135/4000 [>.............................] - ETA: 54:09 - loss: 0.3114 - output1_loss: 0.3238 - output2_loss: 0.2004
 136/4000 [>.............................] - ETA: 54:07 - loss: 0.3111 - output1_loss: 0.3234 - output2_loss: 0.2002
 137/4000 [>.............................] - ETA: 54:05 - loss: 0.3108 - output1_loss: 0.3230 - output2_loss: 0.2005
 138/4000 [>.............................] - ETA: 54:03 - loss: 0.3105 - output1_loss: 0.3227 - output2_loss: 0.2003
 139/4000 [>.............................] - ETA: 54:01 - loss: 0.3100 - output1_loss: 0.3222 - output2_loss: 0.2002
 140/4000 [>.............................] - ETA: 53:59 - loss: 0.3096 - output1_loss: 0.3217 - output2_loss: 0.2002
 141/4000 [>.............................] - ETA: 53:57 - loss: 0.3085 - output1_loss: 0.3206 - output2_loss: 0.2000
 142/4000 [>.............................] - ETA: 53:55 - loss: 0.3082 - output1_loss: 0.3203 - output2_loss: 0.2000
 143/4000 [>.............................] - ETA: 53:53 - loss: 0.3068 - output1_loss: 0.3186 - output2_loss: 0.1999
 144/4000 [>.............................] - ETA: 53:51 - loss: 0.3055 - output1_loss: 0.3172 - output2_loss: 0.1999
 145/4000 [>.............................] - ETA: 53:49 - loss: 0.3055 - output1_loss: 0.3173 - output2_loss: 0.2000
 146/4000 [>.............................] - ETA: 53:47 - loss: 0.3043 - output1_loss: 0.3159 - output2_loss: 0.1999
 147/4000 [>.............................] - ETA: 53:45 - loss: 0.3032 - output1_loss: 0.3147 - output2_loss: 0.2000
 148/4000 [>.............................] - ETA: 53:43 - loss: 0.3020 - output1_loss: 0.3134 - output2_loss: 0.2000
 149/4000 [>.............................] - ETA: 53:41 - loss: 0.3019 - output1_loss: 0.3132 - output2_loss: 0.2000
 150/4000 [>.............................] - ETA: 53:39 - loss: 0.3007 - output1_loss: 0.3119 - output2_loss: 0.1999
 151/4000 [>.............................] - ETA: 53:37 - loss: 0.2997 - output1_loss: 0.3108 - output2_loss: 0.2001
 152/4000 [>.............................] - ETA: 53:35 - loss: 0.2998 - output1_loss: 0.3108 - output2_loss: 0.2001
 153/4000 [>.............................] - ETA: 53:34 - loss: 0.2988 - output1_loss: 0.3098 - output2_loss: 0.2001
 154/4000 [>.............................] - ETA: 53:32 - loss: 0.2988 - output1_loss: 0.3098 - output2_loss: 0.2000
 155/4000 [>.............................] - ETA: 53:30 - loss: 0.2978 - output1_loss: 0.3087 - output2_loss: 0.2000
 156/4000 [>.............................] - ETA: 53:28 - loss: 0.2978 - output1_loss: 0.3086 - output2_loss: 0.2000
 157/4000 [>.............................] - ETA: 53:26 - loss: 0.2978 - output1_loss: 0.3087 - output2_loss: 0.2000
 158/4000 [>.............................] - ETA: 53:24 - loss: 0.2982 - output1_loss: 0.3091 - output2_loss: 0.2000
 159/4000 [>.............................] - ETA: 53:23 - loss: 0.2972 - output1_loss: 0.3080 - output2_loss: 0.1999
 160/4000 [>.............................] - ETA: 53:21 - loss: 0.2971 - output1_loss: 0.3079 - output2_loss: 0.1999
 161/4000 [>.............................] - ETA: 53:19 - loss: 0.2961 - output1_loss: 0.3068 - output2_loss: 0.1999
 162/4000 [>.............................] - ETA: 53:18 - loss: 0.2964 - output1_loss: 0.3071 - output2_loss: 0.1999
 163/4000 [>.............................] - ETA: 53:16 - loss: 0.2964 - output1_loss: 0.3071 - output2_loss: 0.1999
 164/4000 [>.............................] - ETA: 53:14 - loss: 0.2954 - output1_loss: 0.3060 - output2_loss: 0.1998
 165/4000 [>.............................] - ETA: 53:13 - loss: 0.2954 - output1_loss: 0.3060 - output2_loss: 0.2000
 166/4000 [>.............................] - ETA: 53:11 - loss: 0.2943 - output1_loss: 0.3048 - output2_loss: 0.2000
 167/4000 [>.............................] - ETA: 53:09 - loss: 0.2932 - output1_loss: 0.3036 - output2_loss: 0.1999
 168/4000 [>.............................] - ETA: 53:08 - loss: 0.2923 - output1_loss: 0.3025 - output2_loss: 0.1999
 169/4000 [>.............................] - ETA: 53:06 - loss: 0.2912 - output1_loss: 0.3013 - output2_loss: 0.1998
 170/4000 [>.............................] - ETA: 53:04 - loss: 0.2902 - output1_loss: 0.3003 - output2_loss: 0.1996
 171/4000 [>.............................] - ETA: 53:03 - loss: 0.2895 - output1_loss: 0.2995 - output2_loss: 0.1996
 172/4000 [>.............................] - ETA: 53:01 - loss: 0.2885 - output1_loss: 0.2984 - output2_loss: 0.1995
 173/4000 [>.............................] - ETA: 52:59 - loss: 0.2875 - output1_loss: 0.2973 - output2_loss: 0.1995
 174/4000 [>.............................] - ETA: 52:58 - loss: 0.2865 - output1_loss: 0.2961 - output2_loss: 0.1994
 175/4000 [>.............................] - ETA: 52:56 - loss: 0.2855 - output1_loss: 0.2951 - output2_loss: 0.1993
 176/4000 [>.............................] - ETA: 52:54 - loss: 0.2845 - output1_loss: 0.2940 - output2_loss: 0.1993
 177/4000 [>.............................] - ETA: 52:53 - loss: 0.2836 - output1_loss: 0.2930 - output2_loss: 0.1992
 178/4000 [>.............................] - ETA: 52:51 - loss: 0.2827 - output1_loss: 0.2920 - output2_loss: 0.1992
 179/4000 [>.............................] - ETA: 52:50 - loss: 0.2818 - output1_loss: 0.2910 - output2_loss: 0.1991
 180/4000 [>.............................] - ETA: 52:48 - loss: 0.2821 - output1_loss: 0.2913 - output2_loss: 0.1991
 181/4000 [>.............................] - ETA: 52:47 - loss: 0.2810 - output1_loss: 0.2901 - output2_loss: 0.1991
 182/4000 [>.............................] - ETA: 52:45 - loss: 0.2811 - output1_loss: 0.2902 - output2_loss: 0.1990
 183/4000 [>.............................] - ETA: 52:44 - loss: 0.2802 - output1_loss: 0.2892 - output2_loss: 0.1990
 184/4000 [>.............................] - ETA: 52:42 - loss: 0.2794 - output1_loss: 0.2883 - output2_loss: 0.1990
 185/4000 [>.............................] - ETA: 52:40 - loss: 0.2783 - output1_loss: 0.2872 - output2_loss: 0.1990
 186/4000 [>.............................] - ETA: 52:39 - loss: 0.2785 - output1_loss: 0.2873 - output2_loss: 0.1992
 187/4000 [>.............................] - ETA: 52:38 - loss: 0.2776 - output1_loss: 0.2863 - output2_loss: 0.1991
 188/4000 [>.............................] - ETA: 52:36 - loss: 0.2766 - output1_loss: 0.2853 - output2_loss: 0.1991
 189/4000 [>.............................] - ETA: 52:35 - loss: 0.2760 - output1_loss: 0.2846 - output2_loss: 0.1991
 190/4000 [>.............................] - ETA: 52:33 - loss: 0.2752 - output1_loss: 0.2836 - output2_loss: 0.1990
 191/4000 [>.............................] - ETA: 52:32 - loss: 0.2742 - output1_loss: 0.2826 - output2_loss: 0.1990
 192/4000 [>.............................] - ETA: 52:30 - loss: 0.2742 - output1_loss: 0.2825 - output2_loss: 0.1992
 193/4000 [>.............................] - ETA: 52:29 - loss: 0.2742 - output1_loss: 0.2826 - output2_loss: 0.1992
 194/4000 [>.............................] - ETA: 52:28 - loss: 0.2734 - output1_loss: 0.2817 - output2_loss: 0.1993
 195/4000 [>.............................] - ETA: 52:26 - loss: 0.2735 - output1_loss: 0.2817 - output2_loss: 0.1992
 196/4000 [>.............................] - ETA: 52:25 - loss: 0.2726 - output1_loss: 0.2808 - output2_loss: 0.1992
 197/4000 [>.............................] - ETA: 52:23 - loss: 0.2718 - output1_loss: 0.2799 - output2_loss: 0.1992
 198/4000 [>.............................] - ETA: 52:22 - loss: 0.2711 - output1_loss: 0.2791 - output2_loss: 0.1992
 199/4000 [>.............................] - ETA: 52:20 - loss: 0.2702 - output1_loss: 0.2781 - output2_loss: 0.1991
 200/4000 [>.............................] - ETA: 52:19 - loss: 0.2694 - output1_loss: 0.2772 - output2_loss: 0.1991
 201/4000 [>.............................] - ETA: 52:18 - loss: 0.2686 - output1_loss: 0.2763 - output2_loss: 0.1990
 202/4000 [>.............................] - ETA: 52:16 - loss: 0.2678 - output1_loss: 0.2755 - output2_loss: 0.1992
 203/4000 [>.............................] - ETA: 52:15 - loss: 0.2671 - output1_loss: 0.2747 - output2_loss: 0.1992
 204/4000 [>.............................] - ETA: 52:13 - loss: 0.2673 - output1_loss: 0.2749 - output2_loss: 0.1992
 205/4000 [>.............................] - ETA: 52:12 - loss: 0.2665 - output1_loss: 0.2739 - output2_loss: 0.1991
 206/4000 [>.............................] - ETA: 52:11 - loss: 0.2664 - output1_loss: 0.2738 - output2_loss: 0.1992
 207/4000 [>.............................] - ETA: 52:09 - loss: 0.2656 - output1_loss: 0.2730 - output2_loss: 0.1992
 208/4000 [>.............................] - ETA: 52:08 - loss: 0.2650 - output1_loss: 0.2723 - output2_loss: 0.1992
 209/4000 [>.............................] - ETA: 52:07 - loss: 0.2642 - output1_loss: 0.2714 - output2_loss: 0.1991
 210/4000 [>.............................] - ETA: 52:05 - loss: 0.2634 - output1_loss: 0.2705 - output2_loss: 0.1991
 211/4000 [>.............................] - ETA: 52:04 - loss: 0.2626 - output1_loss: 0.2697 - output2_loss: 0.1990
 212/4000 [>.............................] - ETA: 52:03 - loss: 0.2631 - output1_loss: 0.2702 - output2_loss: 0.1991
 213/4000 [>.............................] - ETA: 52:01 - loss: 0.2631 - output1_loss: 0.2702 - output2_loss: 0.1990
 214/4000 [>.............................] - ETA: 52:00 - loss: 0.2631 - output1_loss: 0.2702 - output2_loss: 0.1990
 215/4000 [>.............................] - ETA: 51:59 - loss: 0.2623 - output1_loss: 0.2694 - output2_loss: 0.1990
 216/4000 [>.............................] - ETA: 51:57 - loss: 0.2623 - output1_loss: 0.2694 - output2_loss: 0.1991
 217/4000 [>.............................] - ETA: 51:56 - loss: 0.2616 - output1_loss: 0.2685 - output2_loss: 0.1991
 218/4000 [>.............................] - ETA: 51:55 - loss: 0.2617 - output1_loss: 0.2687 - output2_loss: 0.1992
 219/4000 [>.............................] - ETA: 51:53 - loss: 0.2617 - output1_loss: 0.2687 - output2_loss: 0.1991
 220/4000 [>.............................] - ETA: 51:52 - loss: 0.2610 - output1_loss: 0.2679 - output2_loss: 0.1991
 221/4000 [>.............................] - ETA: 51:51 - loss: 0.2604 - output1_loss: 0.2672 - output2_loss: 0.1991
 222/4000 [>.............................] - ETA: 51:50 - loss: 0.2606 - output1_loss: 0.2675 - output2_loss: 0.1991
 223/4000 [>.............................] - ETA: 51:48 - loss: 0.2599 - output1_loss: 0.2666 - output2_loss: 0.1991
 224/4000 [>.............................] - ETA: 51:47 - loss: 0.2593 - output1_loss: 0.2660 - output2_loss: 0.1990
 225/4000 [>.............................] - ETA: 51:46 - loss: 0.2586 - output1_loss: 0.2652 - output2_loss: 0.1990
 226/4000 [>.............................] - ETA: 51:44 - loss: 0.2579 - output1_loss: 0.2645 - output2_loss: 0.1989
 227/4000 [>.............................] - ETA: 51:43 - loss: 0.2573 - output1_loss: 0.2638 - output2_loss: 0.1990
 228/4000 [>.............................] - ETA: 51:42 - loss: 0.2567 - output1_loss: 0.2631 - output2_loss: 0.1990
 229/4000 [>.............................] - ETA: 51:41 - loss: 0.2568 - output1_loss: 0.2632 - output2_loss: 0.1989
 230/4000 [>.............................] - ETA: 51:39 - loss: 0.2569 - output1_loss: 0.2634 - output2_loss: 0.1989
 231/4000 [>.............................] - ETA: 51:38 - loss: 0.2569 - output1_loss: 0.2634 - output2_loss: 0.1989
 232/4000 [>.............................] - ETA: 51:37 - loss: 0.2570 - output1_loss: 0.2635 - output2_loss: 0.1990
 233/4000 [>.............................] - ETA: 51:36 - loss: 0.2574 - output1_loss: 0.2639 - output2_loss: 0.1990
 234/4000 [>.............................] - ETA: 51:34 - loss: 0.2574 - output1_loss: 0.2639 - output2_loss: 0.1989
 235/4000 [>.............................] - ETA: 51:33 - loss: 0.2568 - output1_loss: 0.2632 - output2_loss: 0.1989
 236/4000 [>.............................] - ETA: 51:32 - loss: 0.2562 - output1_loss: 0.2625 - output2_loss: 0.1989
 237/4000 [>.............................] - ETA: 51:31 - loss: 0.2557 - output1_loss: 0.2620 - output2_loss: 0.1989
 238/4000 [>.............................] - ETA: 51:30 - loss: 0.2550 - output1_loss: 0.2612 - output2_loss: 0.1989
 239/4000 [>.............................] - ETA: 51:28 - loss: 0.2544 - output1_loss: 0.2606 - output2_loss: 0.1989
 240/4000 [>.............................] - ETA: 51:27 - loss: 0.2537 - output1_loss: 0.2598 - output2_loss: 0.1989
 241/4000 [>.............................] - ETA: 51:26 - loss: 0.2530 - output1_loss: 0.2590 - output2_loss: 0.1988
 242/4000 [>.............................] - ETA: 51:25 - loss: 0.2525 - output1_loss: 0.2584 - output2_loss: 0.1988
 243/4000 [>.............................] - ETA: 51:23 - loss: 0.2525 - output1_loss: 0.2585 - output2_loss: 0.1989
 244/4000 [>.............................] - ETA: 51:22 - loss: 0.2527 - output1_loss: 0.2586 - output2_loss: 0.1989
 245/4000 [>.............................] - ETA: 51:21 - loss: 0.2530 - output1_loss: 0.2590 - output2_loss: 0.1989
 246/4000 [>.............................] - ETA: 51:20 - loss: 0.2524 - output1_loss: 0.2584 - output2_loss: 0.1988
 247/4000 [>.............................] - ETA: 51:19 - loss: 0.2526 - output1_loss: 0.2585 - output2_loss: 0.1988
 248/4000 [>.............................] - ETA: 51:18 - loss: 0.2526 - output1_loss: 0.2586 - output2_loss: 0.1989
 249/4000 [>.............................] - ETA: 51:16 - loss: 0.2528 - output1_loss: 0.2588 - output2_loss: 0.1989
 250/4000 [>.............................] - ETA: 51:15 - loss: 0.2521 - output1_loss: 0.2580 - output2_loss: 0.1988
 251/4000 [>.............................] - ETA: 51:14 - loss: 0.2523 - output1_loss: 0.2582 - output2_loss: 0.1989
 252/4000 [>.............................] - ETA: 51:13 - loss: 0.2518 - output1_loss: 0.2577 - output2_loss: 0.1988
 253/4000 [>.............................] - ETA: 51:12 - loss: 0.2512 - output1_loss: 0.2570 - output2_loss: 0.1988
 254/4000 [>.............................] - ETA: 51:10 - loss: 0.2506 - output1_loss: 0.2563 - output2_loss: 0.1987
 255/4000 [>.............................] - ETA: 51:09 - loss: 0.2500 - output1_loss: 0.2557 - output2_loss: 0.1987
 256/4000 [>.............................] - ETA: 51:08 - loss: 0.2497 - output1_loss: 0.2553 - output2_loss: 0.1988
 257/4000 [>.............................] - ETA: 51:07 - loss: 0.2491 - output1_loss: 0.2547 - output2_loss: 0.1988
 258/4000 [>.............................] - ETA: 51:06 - loss: 0.2486 - output1_loss: 0.2542 - output2_loss: 0.1987
 259/4000 [>.............................] - ETA: 51:05 - loss: 0.2488 - output1_loss: 0.2543 - output2_loss: 0.1989
 260/4000 [>.............................] - ETA: 51:04 - loss: 0.2482 - output1_loss: 0.2537 - output2_loss: 0.1989
 261/4000 [>.............................] - ETA: 51:02 - loss: 0.2477 - output1_loss: 0.2531 - output2_loss: 0.1988
 262/4000 [>.............................] - ETA: 51:01 - loss: 0.2471 - output1_loss: 0.2524 - output2_loss: 0.1988
 263/4000 [>.............................] - ETA: 51:00 - loss: 0.2466 - output1_loss: 0.2519 - output2_loss: 0.1987
 264/4000 [>.............................] - ETA: 50:59 - loss: 0.2461 - output1_loss: 0.2513 - output2_loss: 0.1987
 265/4000 [>.............................] - ETA: 50:58 - loss: 0.2455 - output1_loss: 0.2508 - output2_loss: 0.1987
 266/4000 [>.............................] - ETA: 50:57 - loss: 0.2456 - output1_loss: 0.2508 - output2_loss: 0.1988
 267/4000 [=>............................] - ETA: 50:55 - loss: 0.2458 - output1_loss: 0.2510 - output2_loss: 0.1989
 268/4000 [=>............................] - ETA: 50:54 - loss: 0.2453 - output1_loss: 0.2504 - output2_loss: 0.1989
 269/4000 [=>............................] - ETA: 50:53 - loss: 0.2449 - output1_loss: 0.2500 - output2_loss: 0.1989
 270/4000 [=>............................] - ETA: 50:52 - loss: 0.2449 - output1_loss: 0.2500 - output2_loss: 0.1990
 271/4000 [=>............................] - ETA: 50:51 - loss: 0.2445 - output1_loss: 0.2495 - output2_loss: 0.1990
 272/4000 [=>............................] - ETA: 50:50 - loss: 0.2440 - output1_loss: 0.2490 - output2_loss: 0.1990
 273/4000 [=>............................] - ETA: 50:49 - loss: 0.2436 - output1_loss: 0.2485 - output2_loss: 0.1989
 274/4000 [=>............................] - ETA: 50:48 - loss: 0.2432 - output1_loss: 0.2481 - output2_loss: 0.1990
 275/4000 [=>............................] - ETA: 50:47 - loss: 0.2434 - output1_loss: 0.2483 - output2_loss: 0.1989
 276/4000 [=>............................] - ETA: 50:45 - loss: 0.2430 - output1_loss: 0.2478 - output2_loss: 0.1989
 277/4000 [=>............................] - ETA: 50:44 - loss: 0.2424 - output1_loss: 0.2472 - output2_loss: 0.1989
 278/4000 [=>............................] - ETA: 50:43 - loss: 0.2426 - output1_loss: 0.2474 - output2_loss: 0.1991
 279/4000 [=>............................] - ETA: 50:42 - loss: 0.2427 - output1_loss: 0.2476 - output2_loss: 0.1991
 280/4000 [=>............................] - ETA: 50:41 - loss: 0.2422 - output1_loss: 0.2470 - output2_loss: 0.1990
 281/4000 [=>............................] - ETA: 50:40 - loss: 0.2418 - output1_loss: 0.2466 - output2_loss: 0.1990
 282/4000 [=>............................] - ETA: 50:39 - loss: 0.2421 - output1_loss: 0.2469 - output2_loss: 0.1990
 283/4000 [=>............................] - ETA: 50:38 - loss: 0.2415 - output1_loss: 0.2463 - output2_loss: 0.1990
 284/4000 [=>............................] - ETA: 50:37 - loss: 0.2411 - output1_loss: 0.2457 - output2_loss: 0.1990
 285/4000 [=>............................] - ETA: 50:36 - loss: 0.2406 - output1_loss: 0.2452 - output2_loss: 0.1990
 286/4000 [=>............................] - ETA: 50:35 - loss: 0.2400 - output1_loss: 0.2446 - output2_loss: 0.1989
 287/4000 [=>............................] - ETA: 50:34 - loss: 0.2402 - output1_loss: 0.2447 - output2_loss: 0.1989
 288/4000 [=>............................] - ETA: 50:32 - loss: 0.2398 - output1_loss: 0.2444 - output2_loss: 0.1990
 289/4000 [=>............................] - ETA: 50:31 - loss: 0.2394 - output1_loss: 0.2439 - output2_loss: 0.1989
 290/4000 [=>............................] - ETA: 50:30 - loss: 0.2390 - output1_loss: 0.2435 - output2_loss: 0.1989
 291/4000 [=>............................] - ETA: 50:29 - loss: 0.2392 - output1_loss: 0.2437 - output2_loss: 0.1989
 292/4000 [=>............................] - ETA: 50:28 - loss: 0.2388 - output1_loss: 0.2432 - output2_loss: 0.1989
 293/4000 [=>............................] - ETA: 50:27 - loss: 0.2384 - output1_loss: 0.2427 - output2_loss: 0.1989
 294/4000 [=>............................] - ETA: 50:26 - loss: 0.2379 - output1_loss: 0.2422 - output2_loss: 0.1989
 295/4000 [=>............................] - ETA: 50:25 - loss: 0.2374 - output1_loss: 0.2416 - output2_loss: 0.1988
 296/4000 [=>............................] - ETA: 50:24 - loss: 0.2370 - output1_loss: 0.2412 - output2_loss: 0.1988
 297/4000 [=>............................] - ETA: 50:23 - loss: 0.2370 - output1_loss: 0.2413 - output2_loss: 0.1988
 298/4000 [=>............................] - ETA: 50:22 - loss: 0.2366 - output1_loss: 0.2408 - output2_loss: 0.1988
 299/4000 [=>............................] - ETA: 50:21 - loss: 0.2361 - output1_loss: 0.2403 - output2_loss: 0.1988
 300/4000 [=>............................] - ETA: 50:20 - loss: 0.2363 - output1_loss: 0.2405 - output2_loss: 0.1988
 301/4000 [=>............................] - ETA: 50:19 - loss: 0.2359 - output1_loss: 0.2400 - output2_loss: 0.1988
 302/4000 [=>............................] - ETA: 50:18 - loss: 0.2359 - output1_loss: 0.2401 - output2_loss: 0.1989
 303/4000 [=>............................] - ETA: 50:16 - loss: 0.2361 - output1_loss: 0.2402 - output2_loss: 0.1989
 304/4000 [=>............................] - ETA: 50:15 - loss: 0.2356 - output1_loss: 0.2396 - output2_loss: 0.1989
 305/4000 [=>............................] - ETA: 50:14 - loss: 0.2351 - output1_loss: 0.2391 - output2_loss: 0.1988
 306/4000 [=>............................] - ETA: 50:13 - loss: 0.2347 - output1_loss: 0.2387 - output2_loss: 0.1988
 307/4000 [=>............................] - ETA: 50:12 - loss: 0.2343 - output1_loss: 0.2382 - output2_loss: 0.1988
 308/4000 [=>............................] - ETA: 50:11 - loss: 0.2338 - output1_loss: 0.2377 - output2_loss: 0.1988
 309/4000 [=>............................] - ETA: 50:10 - loss: 0.2334 - output1_loss: 0.2372 - output2_loss: 0.1988
 310/4000 [=>............................] - ETA: 50:09 - loss: 0.2329 - output1_loss: 0.2367 - output2_loss: 0.1988
 311/4000 [=>............................] - ETA: 50:08 - loss: 0.2326 - output1_loss: 0.2363 - output2_loss: 0.1988
 312/4000 [=>............................] - ETA: 50:07 - loss: 0.2328 - output1_loss: 0.2366 - output2_loss: 0.1988
 313/4000 [=>............................] - ETA: 50:06 - loss: 0.2324 - output1_loss: 0.2362 - output2_loss: 0.1988
 314/4000 [=>............................] - ETA: 50:05 - loss: 0.2320 - output1_loss: 0.2357 - output2_loss: 0.1987
 315/4000 [=>............................] - ETA: 50:04 - loss: 0.2316 - output1_loss: 0.2352 - output2_loss: 0.1988
 316/4000 [=>............................] - ETA: 50:03 - loss: 0.2311 - output1_loss: 0.2347 - output2_loss: 0.1987
 317/4000 [=>............................] - ETA: 50:02 - loss: 0.2307 - output1_loss: 0.2343 - output2_loss: 0.1987
 318/4000 [=>............................] - ETA: 50:01 - loss: 0.2303 - output1_loss: 0.2339 - output2_loss: 0.1987
 319/4000 [=>............................] - ETA: 50:00 - loss: 0.2299 - output1_loss: 0.2334 - output2_loss: 0.1987
 320/4000 [=>............................] - ETA: 49:59 - loss: 0.2295 - output1_loss: 0.2329 - output2_loss: 0.1987
 321/4000 [=>............................] - ETA: 49:58 - loss: 0.2290 - output1_loss: 0.2324 - output2_loss: 0.1987
 322/4000 [=>............................] - ETA: 49:57 - loss: 0.2286 - output1_loss: 0.2319 - output2_loss: 0.1986
 323/4000 [=>............................] - ETA: 49:56 - loss: 0.2287 - output1_loss: 0.2320 - output2_loss: 0.1987
 324/4000 [=>............................] - ETA: 49:55 - loss: 0.2282 - output1_loss: 0.2315 - output2_loss: 0.1987
 325/4000 [=>............................] - ETA: 49:54 - loss: 0.2278 - output1_loss: 0.2310 - output2_loss: 0.1987
 326/4000 [=>............................] - ETA: 49:53 - loss: 0.2274 - output1_loss: 0.2306 - output2_loss: 0.1987
 327/4000 [=>............................] - ETA: 49:52 - loss: 0.2275 - output1_loss: 0.2307 - output2_loss: 0.1987
 328/4000 [=>............................] - ETA: 49:51 - loss: 0.2276 - output1_loss: 0.2308 - output2_loss: 0.1987
 329/4000 [=>............................] - ETA: 49:50 - loss: 0.2277 - output1_loss: 0.2310 - output2_loss: 0.1987
 330/4000 [=>............................] - ETA: 49:49 - loss: 0.2274 - output1_loss: 0.2306 - output2_loss: 0.1987
 331/4000 [=>............................] - ETA: 49:48 - loss: 0.2270 - output1_loss: 0.2301 - output2_loss: 0.1987
 332/4000 [=>............................] - ETA: 49:47 - loss: 0.2271 - output1_loss: 0.2303 - output2_loss: 0.1987
 333/4000 [=>............................] - ETA: 49:46 - loss: 0.2273 - output1_loss: 0.2304 - output2_loss: 0.1988
 334/4000 [=>............................] - ETA: 49:45 - loss: 0.2268 - output1_loss: 0.2300 - output2_loss: 0.1988
 335/4000 [=>............................] - ETA: 49:44 - loss: 0.2270 - output1_loss: 0.2302 - output2_loss: 0.1988
 336/4000 [=>............................] - ETA: 49:43 - loss: 0.2267 - output1_loss: 0.2298 - output2_loss: 0.1988
 337/4000 [=>............................] - ETA: 49:42 - loss: 0.2263 - output1_loss: 0.2294 - output2_loss: 0.1988
 338/4000 [=>............................] - ETA: 49:41 - loss: 0.2259 - output1_loss: 0.2290 - output2_loss: 0.1987
 339/4000 [=>............................] - ETA: 49:40 - loss: 0.2260 - output1_loss: 0.2290 - output2_loss: 0.1988
 340/4000 [=>............................] - ETA: 49:40 - loss: 0.2256 - output1_loss: 0.2285 - output2_loss: 0.1988
 341/4000 [=>............................] - ETA: 49:39 - loss: 0.2252 - output1_loss: 0.2281 - output2_loss: 0.1988
 342/4000 [=>............................] - ETA: 49:38 - loss: 0.2248 - output1_loss: 0.2277 - output2_loss: 0.1988
 343/4000 [=>............................] - ETA: 49:37 - loss: 0.2244 - output1_loss: 0.2272 - output2_loss: 0.1987
 344/4000 [=>............................] - ETA: 49:36 - loss: 0.2239 - output1_loss: 0.2267 - output2_loss: 0.1987
 345/4000 [=>............................] - ETA: 49:35 - loss: 0.2241 - output1_loss: 0.2269 - output2_loss: 0.1987
 346/4000 [=>............................] - ETA: 49:34 - loss: 0.2237 - output1_loss: 0.2265 - output2_loss: 0.1987
 347/4000 [=>............................] - ETA: 49:33 - loss: 0.2238 - output1_loss: 0.2266 - output2_loss: 0.1987
 348/4000 [=>............................] - ETA: 49:32 - loss: 0.2235 - output1_loss: 0.2263 - output2_loss: 0.1988
 349/4000 [=>............................] - ETA: 49:31 - loss: 0.2232 - output1_loss: 0.2259 - output2_loss: 0.1988
 350/4000 [=>............................] - ETA: 49:30 - loss: 0.2233 - output1_loss: 0.2260 - output2_loss: 0.1988
 351/4000 [=>............................] - ETA: 49:29 - loss: 0.2230 - output1_loss: 0.2256 - output2_loss: 0.1988
 352/4000 [=>............................] - ETA: 49:28 - loss: 0.2225 - output1_loss: 0.2252 - output2_loss: 0.1987
 353/4000 [=>............................] - ETA: 49:27 - loss: 0.2222 - output1_loss: 0.2248 - output2_loss: 0.1987
 354/4000 [=>............................] - ETA: 49:26 - loss: 0.2219 - output1_loss: 0.2244 - output2_loss: 0.1987
 355/4000 [=>............................] - ETA: 49:25 - loss: 0.2220 - output1_loss: 0.2245 - output2_loss: 0.1988
 356/4000 [=>............................] - ETA: 49:24 - loss: 0.2216 - output1_loss: 0.2241 - output2_loss: 0.1988
 357/4000 [=>............................] - ETA: 49:23 - loss: 0.2213 - output1_loss: 0.2238 - output2_loss: 0.1988
 358/4000 [=>............................] - ETA: 49:22 - loss: 0.2209 - output1_loss: 0.2234 - output2_loss: 0.1988
 359/4000 [=>............................] - ETA: 49:21 - loss: 0.2205 - output1_loss: 0.2230 - output2_loss: 0.1988
 360/4000 [=>............................] - ETA: 49:20 - loss: 0.2202 - output1_loss: 0.2226 - output2_loss: 0.1988
 361/4000 [=>............................] - ETA: 49:19 - loss: 0.2205 - output1_loss: 0.2229 - output2_loss: 0.1988
 362/4000 [=>............................] - ETA: 49:18 - loss: 0.2205 - output1_loss: 0.2229 - output2_loss: 0.1988
 363/4000 [=>............................] - ETA: 49:17 - loss: 0.2202 - output1_loss: 0.2226 - output2_loss: 0.1988
 364/4000 [=>............................] - ETA: 49:16 - loss: 0.2199 - output1_loss: 0.2222 - output2_loss: 0.1988
 365/4000 [=>............................] - ETA: 49:15 - loss: 0.2200 - output1_loss: 0.2224 - output2_loss: 0.1988
 366/4000 [=>............................] - ETA: 49:14 - loss: 0.2201 - output1_loss: 0.2225 - output2_loss: 0.1988
 367/4000 [=>............................] - ETA: 49:13 - loss: 0.2202 - output1_loss: 0.2226 - output2_loss: 0.1989
 368/4000 [=>............................] - ETA: 49:12 - loss: 0.2198 - output1_loss: 0.2222 - output2_loss: 0.1988
 369/4000 [=>............................] - ETA: 49:11 - loss: 0.2195 - output1_loss: 0.2218 - output2_loss: 0.1988
 370/4000 [=>............................] - ETA: 49:10 - loss: 0.2192 - output1_loss: 0.2214 - output2_loss: 0.1988
 371/4000 [=>............................] - ETA: 49:09 - loss: 0.2190 - output1_loss: 0.2212 - output2_loss: 0.1988
 372/4000 [=>............................] - ETA: 49:08 - loss: 0.2190 - output1_loss: 0.2213 - output2_loss: 0.1988
 373/4000 [=>............................] - ETA: 49:07 - loss: 0.2187 - output1_loss: 0.2209 - output2_loss: 0.1988
 374/4000 [=>............................] - ETA: 49:06 - loss: 0.2190 - output1_loss: 0.2212 - output2_loss: 0.1988
 375/4000 [=>............................] - ETA: 49:05 - loss: 0.2191 - output1_loss: 0.2213 - output2_loss: 0.1988
 376/4000 [=>............................] - ETA: 49:04 - loss: 0.2188 - output1_loss: 0.2211 - output2_loss: 0.1988
 377/4000 [=>............................] - ETA: 49:03 - loss: 0.2190 - output1_loss: 0.2212 - output2_loss: 0.1988
 378/4000 [=>............................] - ETA: 49:02 - loss: 0.2191 - output1_loss: 0.2214 - output2_loss: 0.1988
 379/4000 [=>............................] - ETA: 49:01 - loss: 0.2193 - output1_loss: 0.2216 - output2_loss: 0.1988
 380/4000 [=>............................] - ETA: 49:01 - loss: 0.2194 - output1_loss: 0.2217 - output2_loss: 0.1988
 381/4000 [=>............................] - ETA: 49:00 - loss: 0.2196 - output1_loss: 0.2219 - output2_loss: 0.1989
 382/4000 [=>............................] - ETA: 48:59 - loss: 0.2192 - output1_loss: 0.2215 - output2_loss: 0.1989
 383/4000 [=>............................] - ETA: 48:58 - loss: 0.2189 - output1_loss: 0.2212 - output2_loss: 0.1989
 384/4000 [=>............................] - ETA: 48:57 - loss: 0.2187 - output1_loss: 0.2208 - output2_loss: 0.1989
 385/4000 [=>............................] - ETA: 48:56 - loss: 0.2185 - output1_loss: 0.2207 - output2_loss: 0.1990
 386/4000 [=>............................] - ETA: 48:55 - loss: 0.2187 - output1_loss: 0.2208 - output2_loss: 0.1990
 387/4000 [=>............................] - ETA: 48:54 - loss: 0.2185 - output1_loss: 0.2207 - output2_loss: 0.1990
 388/4000 [=>............................] - ETA: 48:53 - loss: 0.2183 - output1_loss: 0.2205 - output2_loss: 0.1990
 389/4000 [=>............................] - ETA: 48:52 - loss: 0.2181 - output1_loss: 0.2202 - output2_loss: 0.1989
 390/4000 [=>............................] - ETA: 48:52 - loss: 0.2183 - output1_loss: 0.2205 - output2_loss: 0.1989
 391/4000 [=>............................] - ETA: 48:51 - loss: 0.2182 - output1_loss: 0.2203 - output2_loss: 0.1989
 392/4000 [=>............................] - ETA: 48:50 - loss: 0.2179 - output1_loss: 0.2201 - output2_loss: 0.1989
 393/4000 [=>............................] - ETA: 48:49 - loss: 0.2178 - output1_loss: 0.2199 - output2_loss: 0.1989
 394/4000 [=>............................] - ETA: 48:48 - loss: 0.2180 - output1_loss: 0.2201 - output2_loss: 0.1989
 395/4000 [=>............................] - ETA: 48:47 - loss: 0.2183 - output1_loss: 0.2204 - output2_loss: 0.1990
 396/4000 [=>............................] - ETA: 48:46 - loss: 0.2181 - output1_loss: 0.2202 - output2_loss: 0.1989
 397/4000 [=>............................] - ETA: 48:45 - loss: 0.2179 - output1_loss: 0.2200 - output2_loss: 0.1989
 398/4000 [=>............................] - ETA: 48:44 - loss: 0.2176 - output1_loss: 0.2197 - output2_loss: 0.1989
 399/4000 [=>............................] - ETA: 48:43 - loss: 0.2174 - output1_loss: 0.2195 - output2_loss: 0.1989
 400/4000 [==>...........................] - ETA: 48:43 - loss: 0.2172 - output1_loss: 0.2192 - output2_loss: 0.1989
 401/4000 [==>...........................] - ETA: 48:42 - loss: 0.2170 - output1_loss: 0.2190 - output2_loss: 0.1989
 402/4000 [==>...........................] - ETA: 48:41 - loss: 0.2168 - output1_loss: 0.2188 - output2_loss: 0.1988
 403/4000 [==>...........................] - ETA: 48:40 - loss: 0.2170 - output1_loss: 0.2190 - output2_loss: 0.1988
 404/4000 [==>...........................] - ETA: 48:39 - loss: 0.2168 - output1_loss: 0.2188 - output2_loss: 0.1988
 405/4000 [==>...........................] - ETA: 48:38 - loss: 0.2170 - output1_loss: 0.2191 - output2_loss: 0.1990
 406/4000 [==>...........................] - ETA: 48:37 - loss: 0.2169 - output1_loss: 0.2189 - output2_loss: 0.1990
 407/4000 [==>...........................] - ETA: 48:36 - loss: 0.2167 - output1_loss: 0.2187 - output2_loss: 0.1990
 408/4000 [==>...........................] - ETA: 48:35 - loss: 0.2165 - output1_loss: 0.2184 - output2_loss: 0.1989
 409/4000 [==>...........................] - ETA: 48:34 - loss: 0.2167 - output1_loss: 0.2187 - output2_loss: 0.1990
 410/4000 [==>...........................] - ETA: 48:33 - loss: 0.2165 - output1_loss: 0.2185 - output2_loss: 0.1989
 411/4000 [==>...........................] - ETA: 48:32 - loss: 0.2163 - output1_loss: 0.2182 - output2_loss: 0.1989
 412/4000 [==>...........................] - ETA: 48:31 - loss: 0.2166 - output1_loss: 0.2185 - output2_loss: 0.1989
 413/4000 [==>...........................] - ETA: 48:30 - loss: 0.2163 - output1_loss: 0.2183 - output2_loss: 0.1989
 414/4000 [==>...........................] - ETA: 48:29 - loss: 0.2161 - output1_loss: 0.2180 - output2_loss: 0.1989
 415/4000 [==>...........................] - ETA: 48:28 - loss: 0.2159 - output1_loss: 0.2178 - output2_loss: 0.1990
 416/4000 [==>...........................] - ETA: 48:27 - loss: 0.2157 - output1_loss: 0.2176 - output2_loss: 0.1989
 417/4000 [==>...........................] - ETA: 48:26 - loss: 0.2155 - output1_loss: 0.2174 - output2_loss: 0.1989
 418/4000 [==>...........................] - ETA: 48:26 - loss: 0.2157 - output1_loss: 0.2176 - output2_loss: 0.1990
 419/4000 [==>...........................] - ETA: 48:25 - loss: 0.2155 - output1_loss: 0.2173 - output2_loss: 0.1990
 420/4000 [==>...........................] - ETA: 48:24 - loss: 0.2157 - output1_loss: 0.2176 - output2_loss: 0.1991
 421/4000 [==>...........................] - ETA: 48:23 - loss: 0.2155 - output1_loss: 0.2174 - output2_loss: 0.1991
 422/4000 [==>...........................] - ETA: 48:22 - loss: 0.2157 - output1_loss: 0.2176 - output2_loss: 0.1991
 423/4000 [==>...........................] - ETA: 48:21 - loss: 0.2155 - output1_loss: 0.2174 - output2_loss: 0.1991
 424/4000 [==>...........................] - ETA: 48:21 - loss: 0.2154 - output1_loss: 0.2172 - output2_loss: 0.1991
 425/4000 [==>...........................] - ETA: 48:20 - loss: 0.2152 - output1_loss: 0.2170 - output2_loss: 0.1992
 426/4000 [==>...........................] - ETA: 48:19 - loss: 0.2149 - output1_loss: 0.2167 - output2_loss: 0.1992
 427/4000 [==>...........................] - ETA: 48:18 - loss: 0.2147 - output1_loss: 0.2165 - output2_loss: 0.1992
 428/4000 [==>...........................] - ETA: 48:17 - loss: 0.2145 - output1_loss: 0.2162 - output2_loss: 0.1992
 429/4000 [==>...........................] - ETA: 48:16 - loss: 0.2143 - output1_loss: 0.2160 - output2_loss: 0.1992
 430/4000 [==>...........................] - ETA: 48:15 - loss: 0.2141 - output1_loss: 0.2158 - output2_loss: 0.1991
 431/4000 [==>...........................] - ETA: 48:14 - loss: 0.2139 - output1_loss: 0.2155 - output2_loss: 0.1991
 432/4000 [==>...........................] - ETA: 48:13 - loss: 0.2137 - output1_loss: 0.2153 - output2_loss: 0.1991
 433/4000 [==>...........................] - ETA: 48:12 - loss: 0.2138 - output1_loss: 0.2154 - output2_loss: 0.1991
 434/4000 [==>...........................] - ETA: 48:11 - loss: 0.2136 - output1_loss: 0.2152 - output2_loss: 0.1992
 435/4000 [==>...........................] - ETA: 48:10 - loss: 0.2134 - output1_loss: 0.2150 - output2_loss: 0.1992
 436/4000 [==>...........................] - ETA: 48:09 - loss: 0.2132 - output1_loss: 0.2148 - output2_loss: 0.1992
 437/4000 [==>...........................] - ETA: 48:09 - loss: 0.2130 - output1_loss: 0.2146 - output2_loss: 0.1992
 438/4000 [==>...........................] - ETA: 48:08 - loss: 0.2128 - output1_loss: 0.2143 - output2_loss: 0.1991
 439/4000 [==>...........................] - ETA: 48:07 - loss: 0.2126 - output1_loss: 0.2141 - output2_loss: 0.1991
 440/4000 [==>...........................] - ETA: 48:06 - loss: 0.2128 - output1_loss: 0.2143 - output2_loss: 0.1991
 441/4000 [==>...........................] - ETA: 48:05 - loss: 0.2126 - output1_loss: 0.2141 - output2_loss: 0.1992
 442/4000 [==>...........................] - ETA: 48:04 - loss: 0.2129 - output1_loss: 0.2144 - output2_loss: 0.1992
 443/4000 [==>...........................] - ETA: 48:03 - loss: 0.2126 - output1_loss: 0.2141 - output2_loss: 0.1992
 444/4000 [==>...........................] - ETA: 48:02 - loss: 0.2124 - output1_loss: 0.2139 - output2_loss: 0.1992
 445/4000 [==>...........................] - ETA: 48:01 - loss: 0.2122 - output1_loss: 0.2136 - output2_loss: 0.1992
 446/4000 [==>...........................] - ETA: 48:00 - loss: 0.2120 - output1_loss: 0.2134 - output2_loss: 0.1992
 447/4000 [==>...........................] - ETA: 47:59 - loss: 0.2122 - output1_loss: 0.2136 - output2_loss: 0.1992
 448/4000 [==>...........................] - ETA: 47:59 - loss: 0.2120 - output1_loss: 0.2134 - output2_loss: 0.1992
 449/4000 [==>...........................] - ETA: 47:58 - loss: 0.2118 - output1_loss: 0.2132 - output2_loss: 0.1992
 450/4000 [==>...........................] - ETA: 47:57 - loss: 0.2116 - output1_loss: 0.2130 - output2_loss: 0.1992
 451/4000 [==>...........................] - ETA: 47:56 - loss: 0.2118 - output1_loss: 0.2132 - output2_loss: 0.1992
 452/4000 [==>...........................] - ETA: 47:55 - loss: 0.2116 - output1_loss: 0.2130 - output2_loss: 0.1992
 453/4000 [==>...........................] - ETA: 47:54 - loss: 0.2114 - output1_loss: 0.2128 - output2_loss: 0.1992
 454/4000 [==>...........................] - ETA: 47:53 - loss: 0.2116 - output1_loss: 0.2130 - output2_loss: 0.1992
 455/4000 [==>...........................] - ETA: 47:52 - loss: 0.2114 - output1_loss: 0.2128 - output2_loss: 0.1992
 456/4000 [==>...........................] - ETA: 47:51 - loss: 0.2112 - output1_loss: 0.2126 - output2_loss: 0.1992
 457/4000 [==>...........................] - ETA: 47:50 - loss: 0.2115 - output1_loss: 0.2128 - output2_loss: 0.1992
 458/4000 [==>...........................] - ETA: 47:50 - loss: 0.2112 - output1_loss: 0.2126 - output2_loss: 0.1992
 459/4000 [==>...........................] - ETA: 47:49 - loss: 0.2113 - output1_loss: 0.2127 - output2_loss: 0.1993
 460/4000 [==>...........................] - ETA: 47:48 - loss: 0.2112 - output1_loss: 0.2125 - output2_loss: 0.1993
 461/4000 [==>...........................] - ETA: 47:47 - loss: 0.2113 - output1_loss: 0.2127 - output2_loss: 0.1993
 462/4000 [==>...........................] - ETA: 47:46 - loss: 0.2115 - output1_loss: 0.2128 - output2_loss: 0.1992
 463/4000 [==>...........................] - ETA: 47:45 - loss: 0.2117 - output1_loss: 0.2131 - output2_loss: 0.1992
 464/4000 [==>...........................] - ETA: 47:44 - loss: 0.2119 - output1_loss: 0.2133 - output2_loss: 0.1993
 465/4000 [==>...........................] - ETA: 47:43 - loss: 0.2122 - output1_loss: 0.2136 - output2_loss: 0.1993
 466/4000 [==>...........................] - ETA: 47:42 - loss: 0.2120 - output1_loss: 0.2135 - output2_loss: 0.1992
 467/4000 [==>...........................] - ETA: 47:42 - loss: 0.2122 - output1_loss: 0.2137 - output2_loss: 0.1992
 468/4000 [==>...........................] - ETA: 47:41 - loss: 0.2121 - output1_loss: 0.2135 - output2_loss: 0.1992
 469/4000 [==>...........................] - ETA: 47:40 - loss: 0.2122 - output1_loss: 0.2136 - output2_loss: 0.1992
 470/4000 [==>...........................] - ETA: 47:39 - loss: 0.2120 - output1_loss: 0.2134 - output2_loss: 0.1992
 471/4000 [==>...........................] - ETA: 47:38 - loss: 0.2118 - output1_loss: 0.2132 - output2_loss: 0.1992
 472/4000 [==>...........................] - ETA: 47:37 - loss: 0.2117 - output1_loss: 0.2131 - output2_loss: 0.1992
 473/4000 [==>...........................] - ETA: 47:36 - loss: 0.2118 - output1_loss: 0.2132 - output2_loss: 0.1992
 474/4000 [==>...........................] - ETA: 47:35 - loss: 0.2116 - output1_loss: 0.2130 - output2_loss: 0.1992
 475/4000 [==>...........................] - ETA: 47:34 - loss: 0.2114 - output1_loss: 0.2128 - output2_loss: 0.1992
 476/4000 [==>...........................] - ETA: 47:33 - loss: 0.2113 - output1_loss: 0.2126 - output2_loss: 0.1992
 477/4000 [==>...........................] - ETA: 47:33 - loss: 0.2110 - output1_loss: 0.2124 - output2_loss: 0.1991
 478/4000 [==>...........................] - ETA: 47:32 - loss: 0.2108 - output1_loss: 0.2121 - output2_loss: 0.1991
 479/4000 [==>...........................] - ETA: 47:31 - loss: 0.2110 - output1_loss: 0.2123 - output2_loss: 0.1992
 480/4000 [==>...........................] - ETA: 47:30 - loss: 0.2111 - output1_loss: 0.2124 - output2_loss: 0.1991
 481/4000 [==>...........................] - ETA: 47:29 - loss: 0.2112 - output1_loss: 0.2126 - output2_loss: 0.1991
 482/4000 [==>...........................] - ETA: 47:28 - loss: 0.2110 - output1_loss: 0.2124 - output2_loss: 0.1991
 483/4000 [==>...........................] - ETA: 47:27 - loss: 0.2108 - output1_loss: 0.2121 - output2_loss: 0.1991
 484/4000 [==>...........................] - ETA: 47:26 - loss: 0.2106 - output1_loss: 0.2119 - output2_loss: 0.1991
 485/4000 [==>...........................] - ETA: 47:25 - loss: 0.2104 - output1_loss: 0.2117 - output2_loss: 0.1991
 486/4000 [==>...........................] - ETA: 47:24 - loss: 0.2103 - output1_loss: 0.2115 - output2_loss: 0.1990
 487/4000 [==>...........................] - ETA: 47:24 - loss: 0.2100 - output1_loss: 0.2113 - output2_loss: 0.1990
 488/4000 [==>...........................] - ETA: 47:23 - loss: 0.2099 - output1_loss: 0.2111 - output2_loss: 0.1990
 489/4000 [==>...........................] - ETA: 47:22 - loss: 0.2097 - output1_loss: 0.2108 - output2_loss: 0.1990
 490/4000 [==>...........................] - ETA: 47:21 - loss: 0.2094 - output1_loss: 0.2106 - output2_loss: 0.1990
 491/4000 [==>...........................] - ETA: 47:20 - loss: 0.2092 - output1_loss: 0.2103 - output2_loss: 0.1990
 492/4000 [==>...........................] - ETA: 47:19 - loss: 0.2090 - output1_loss: 0.2101 - output2_loss: 0.1990
 493/4000 [==>...........................] - ETA: 47:18 - loss: 0.2087 - output1_loss: 0.2098 - output2_loss: 0.1990
 494/4000 [==>...........................] - ETA: 47:18 - loss: 0.2089 - output1_loss: 0.2100 - output2_loss: 0.1990
 495/4000 [==>...........................] - ETA: 47:17 - loss: 0.2086 - output1_loss: 0.2097 - output2_loss: 0.1989
 496/4000 [==>...........................] - ETA: 47:16 - loss: 0.2084 - output1_loss: 0.2095 - output2_loss: 0.1989
 497/4000 [==>...........................] - ETA: 47:16 - loss: 0.2082 - output1_loss: 0.2093 - output2_loss: 0.1989
 498/4000 [==>...........................] - ETA: 47:15 - loss: 0.2080 - output1_loss: 0.2090 - output2_loss: 0.1989
 499/4000 [==>...........................] - ETA: 47:14 - loss: 0.2078 - output1_loss: 0.2087 - output2_loss: 0.1989
 500/4000 [==>...........................] - ETA: 47:13 - loss: 0.2076 - output1_loss: 0.2085 - output2_loss: 0.1989
 501/4000 [==>...........................] - ETA: 47:12 - loss: 0.2074 - output1_loss: 0.2083 - output2_loss: 0.1988
 502/4000 [==>...........................] - ETA: 47:11 - loss: 0.2073 - output1_loss: 0.2082 - output2_loss: 0.1990
 503/4000 [==>...........................] - ETA: 47:10 - loss: 0.2071 - output1_loss: 0.2080 - output2_loss: 0.1989
 504/4000 [==>...........................] - ETA: 47:09 - loss: 0.2073 - output1_loss: 0.2082 - output2_loss: 0.1990
 505/4000 [==>...........................] - ETA: 47:09 - loss: 0.2071 - output1_loss: 0.2080 - output2_loss: 0.1989
 506/4000 [==>...........................] - ETA: 47:08 - loss: 0.2069 - output1_loss: 0.2078 - output2_loss: 0.1989
 507/4000 [==>...........................] - ETA: 47:07 - loss: 0.2070 - output1_loss: 0.2080 - output2_loss: 0.1989
 508/4000 [==>...........................] - ETA: 47:06 - loss: 0.2069 - output1_loss: 0.2078 - output2_loss: 0.1989
 509/4000 [==>...........................] - ETA: 47:05 - loss: 0.2068 - output1_loss: 0.2076 - output2_loss: 0.1989
 510/4000 [==>...........................] - ETA: 47:04 - loss: 0.2070 - output1_loss: 0.2079 - output2_loss: 0.1989
 511/4000 [==>...........................] - ETA: 47:03 - loss: 0.2071 - output1_loss: 0.2080 - output2_loss: 0.1989
 512/4000 [==>...........................] - ETA: 47:02 - loss: 0.2073 - output1_loss: 0.2083 - output2_loss: 0.1989
 513/4000 [==>...........................] - ETA: 47:01 - loss: 0.2071 - output1_loss: 0.2080 - output2_loss: 0.1989
 514/4000 [==>...........................] - ETA: 47:01 - loss: 0.2073 - output1_loss: 0.2082 - output2_loss: 0.1989
 515/4000 [==>...........................] - ETA: 47:00 - loss: 0.2071 - output1_loss: 0.2080 - output2_loss: 0.1989
 516/4000 [==>...........................] - ETA: 46:59 - loss: 0.2069 - output1_loss: 0.2078 - output2_loss: 0.1989